MPASM 5.83  /HOME/JACQUES/MPLABXPROJECTS/BRE   2-26-2019  23:17:23         PAGE  1


LOC  OBJECT CODE     LINE SOURCE TEXT
  VALUE

                      00001 ; TODO INSERT CONFIG CODE HERE USING CONFIG BITS GENERATOR
                      00002 
                      00003     include p12f1572.inc
                      00001         LIST
                      00002 
                      00003 ;==========================================================================
                      00004 ; Build date : Jan 21 2019
                      00005 ;  MPASM PIC12F1572 processor include
                      00006 ; 
                      00007 ;  (c) Copyright 1999-2019 Microchip Technology, All rights reserved
                      00008 ;==========================================================================
                      00009 
                      01601         LIST
                      00004     
8007   3FA7           00005     __config _CONFIG1, _FOSC_ECH & _WDTE_OFF  & _MCLRE_OFF
8008   3EFF           00006     __config _CONFIG2, _PLLEN_OFF
                      00007     
                      00008     radix dec
                      00009 
                      00010 ; constants    
  00DA79B0            00011 Fosc equ 14318000
  00369E6C            00012 Fcy  equ (Fosc/4)
                      00013 ; NTSC signal 
  00003D76            00014 Fhorz equ 15734 ; horizontal frequency
  0000038D            00015 HPERIOD equ ((Fosc/Fhorz)-1)  ; horizontal period pwm count(63,55µS)
  00000042            00016 HSYNC  equ 66  ;  (4,7µS) ; horz. sync. pwm pulse count
  00000020            00017 HEQUAL equ 32 ; 2,3µS equalization pwm pulse count
  00000183            00018 VSYNC_PULSE equ 387 ; 27,1µS vertical sync. pwm pulse count
  000001C6            00019 HALF_LINE equ ((Fosc/Fhorz/2)-1) 
                      00020 ; boolean flags 
  00000000            00021 F_HI_LINE equ 0 ; horz. line > 255
  00000001            00022 F_EVEN equ 1    ; even field
                      00023 
                      00024 ;pins assignment
  00000005            00025 CLKIN equ RA5
  00000001            00026 CHROMA equ RA1
  00000002            00027 SYNC_OUT equ RA2
  00000000            00028 AUDIO EQU RA0
  00000004            00029 VIDEO_OUT equ RA4
                      00030  
                      00031 ;colors
  00000000            00032 BLACK EQU 0
  00000001            00033 YELLOW EQU 1
  00000002            00034 BLUE EQU 2
  00000003            00035 WHITE EQU 3
  00000004            00036 MAUVE EQU 4
  00000005            00037 GREEN EQU 5
                      00038  
                      00039 ;; macros 
                      00040 case macro n, adr
                      00041     xorlw n
                      00042     skpnz
                      00043     goto adr
MPASM 5.83  /HOME/JACQUES/MPLABXPROJECTS/BRE   2-26-2019  23:17:23         PAGE  2


LOC  OBJECT CODE     LINE SOURCE TEXT
  VALUE

                      00044     xorlw n
                      00045     endm
                      00046 
                      00047 ; delay in machine cycle T
                      00048 tdelay macro t
                      00049     variable q=(t)/3
                      00050     variable r=(t)%3
                      00051     if (q)
                      00052     movlw q
                      00053     decfsz WREG
                      00054     goto $-1
                      00055     endif
                      00056     if (r==2)
                      00057     goto $+1
                      00058     else 
                      00059     if (r==1)
                      00060     nop
                      00061     endif
                      00062     endif
                      00063     endm
                      00064 
                      00065     
                      00066 set_pixel macro color
                      00067     if color==BLACK
                      00068     banksel LATA
                      00069     bcf LATA, VIDEO_OUT
                      00070     banksel PWM1CON
                      00071     bcf PWM1CON,OE
                      00072     goto $+1
                      00073     endif  
                      00074     if color==YELLOW
                      00075     banksel LATA
                      00076     bsf LATA,VIDEO_OUT
                      00077     banksel PWM1CON
                      00078     bcf PWM1CON,POL
                      00079     bsf PWM1CON,OE
                      00080     nop
                      00081     endif
                      00082     if color==BLUE
                      00083     banksel LATA
                      00084     bcf LATA,VIDEO_OUT
                      00085     banksel PWM1CON
                      00086     bsf PWM1CON,POL
                      00087     bsf PWM1CON,OE
                      00088     goto $+1
                      00089     endif
                      00090     if color==WHITE
                      00091     banksel LATA
                      00092     bsf LATA, VIDEO_OUT
                      00093     banksel PWM1CON
                      00094     bcf PWM1CON,OE
                      00095     goto $+1
                      00096     goto $+1
MPASM 5.83  /HOME/JACQUES/MPLABXPROJECTS/BRE   2-26-2019  23:17:23         PAGE  3


LOC  OBJECT CODE     LINE SOURCE TEXT
  VALUE

                      00097     endif
                      00098     if color==MAUVE
                      00099     banksel LATA
                      00100     bsf LATA,VIDEO_OUT
                      00101     banksel PWM1CON
                      00102     bsf PWM1CON,POL
                      00103     bsf PWM1CON,OE
                      00104     nop
                      00105     endif
                      00106     if color==GREEN
                      00107     banksel LATA
                      00108     bcf LATA,VIDEO_OUT
                      00109     banksel PWM1CON
                      00110     bcf PWM1CON,POL
                      00111     bsf PWM1CON,OE
                      00112     goto $+1
                      00113     endif
                      00114     endm
                      00115     
                      00116 ; variables
                      00117     udata_shr
0000                  00118 flags  res 1 ; boolean variables
0001                  00119 lcount res 1 ; video field line counter
0002                  00120 vsync_count res 1 ; vertical sync seration counter
0003                  00121 state res 1 ; where in video phase 
                      00122    
                      00123 ;; code 
                      00124 RES_VECT  CODE    0x0000            ; processor reset vector
0000   2???           00125     GOTO    START                   ; go to beginning of program
0001   0001           00126     reset
0002   0001           00127     reset
0003   0001           00128     reset
                      00129     
                      00130 ; interrupt service routine triggered by PWM3 period rollover
                      00131 ISR CODE 0x0004
0004   018A           00132 isr clrf PCLATH
0005   08??           00133     movfw state
Message[305]: Using default destination of 1 (file).
0006   0782           00134     addwf PCL
0007   2???           00135     goto pre_equalization ; vertical pre-equalization pulses
0008   2???           00136     goto vsync ; vertical sync pulses
0009   2???           00137     goto post_equalization ; vertical post-equalization pulses
000A   2???           00138     goto vsync_completed ; return to normal video line
000B   2???           00139     goto video_lines ; in video normal lines
000C   2801           00140     goto 1 ; error trap
                      00141 ; set PWM3 to generate HALF_LINE with narrow pulse
000D                  00142 pre_equalization
Message[305]: Using default destination of 1 (file).
000D   0A??           00143     incf vsync_count
000E   08??           00144     movfw vsync_count
Message[305]: Using default destination of 1 (file).
000F   0782           00145     addwf PCL
0010   0000           00146     nop
MPASM 5.83  /HOME/JACQUES/MPLABXPROJECTS/BRE   2-26-2019  23:17:23         PAGE  4


LOC  OBJECT CODE     LINE SOURCE TEXT
  VALUE

0011   2???           00147     goto set_presync
0012   2???           00148     goto isr_exit
0013   2???           00149     goto isr_exit
0014   2???           00150     goto isr_exit
0015   2???           00151     goto isr_exit
                      00152 ;vsync_count==6    
0016   01??           00153     clrf vsync_count
Message[305]: Using default destination of 1 (file).
0017   0A??           00154     incf state
0018   2???           00155     goto isr_exit
0019                  00156 set_presync    
0019   003B           00157     banksel PWM3DC
001A   3020           00158     movlw HEQUAL
Message[302]: Register in operand not in bank 0.  Ensure that bank bits are correct.
001B   00B3           00159     movwf PWM3DCL
Message[302]: Register in operand not in bank 0.  Ensure that bank bits are correct.
001C   01B4           00160     clrf PWM3DCH
001D   3001           00161     movlw high HALF_LINE
Message[302]: Register in operand not in bank 0.  Ensure that bank bits are correct.
001E   00B6           00162     movwf PWM3PRH
001F   30C6           00163     movlw low HALF_LINE
Message[302]: Register in operand not in bank 0.  Ensure that bank bits are correct.
0020   00B5           00164     movwf PWM3PRL
Message[302]: Register in operand not in bank 0.  Ensure that bank bits are correct.
0021   17BF           00165     bsf PWM3LDCON,7
0022   2???           00166     goto isr_exit
                      00167 ; set PWM3 to generate wide sync pulses
0023                  00168 vsync 
Message[305]: Using default destination of 1 (file).
0023   0A??           00169     incf vsync_count
0024   08??           00170     movfw vsync_count
Message[305]: Using default destination of 1 (file).
0025   0782           00171     addwf PCL
0026   0000           00172     nop
0027   2???           00173     goto set_vsync
0028   2???           00174     goto isr_exit
0029   2???           00175     goto isr_exit
002A   2???           00176     goto isr_exit
002B   2???           00177     goto isr_exit
                      00178  ; vsync_count==6    
002C   01??           00179     clrf vsync_count
Message[305]: Using default destination of 1 (file).
002D   0A??           00180     incf state
002E   2???           00181     goto isr_exit
002F                  00182 set_vsync
002F   003B           00183     banksel PWM3DC
0030   3083           00184     movlw low VSYNC_PULSE
Message[302]: Register in operand not in bank 0.  Ensure that bank bits are correct.
0031   00B3           00185     movwf PWM3DCL
0032   3001           00186     movlw high VSYNC_PULSE
Message[302]: Register in operand not in bank 0.  Ensure that bank bits are correct.
0033   00B4           00187     movwf PWM3DCH
Message[302]: Register in operand not in bank 0.  Ensure that bank bits are correct.
MPASM 5.83  /HOME/JACQUES/MPLABXPROJECTS/BRE   2-26-2019  23:17:23         PAGE  5


LOC  OBJECT CODE     LINE SOURCE TEXT
  VALUE

0034   17BF           00188     bsf PWM3LDCON,7
0035   2???           00189     goto isr_exit
                      00190 ; set PWM3 for post equalization pulses    
0036                  00191 post_equalization
Message[305]: Using default destination of 1 (file).
0036   0A??           00192     incf vsync_count
0037   08??           00193     movfw vsync_count
Message[305]: Using default destination of 1 (file).
0038   0782           00194     addwf PCL
0039   0000           00195     nop
003A   2???           00196     goto set_presync
003B   2???           00197     goto isr_exit
003C   2???           00198     goto isr_exit
003D   2???           00199     goto isr_exit
003E   2???           00200     goto isr_exit
003F   1880           00201     btfsc flags, F_EVEN
0040   2???           00202     goto pe_last
0041   003B           00203     banksel PWM3DC
0042   3003           00204     movlw high HPERIOD
0043   3003           00205     movlw high HPERIOD
Message[302]: Register in operand not in bank 0.  Ensure that bank bits are correct.
0044   00B6           00206     movwf PWM3PRH
0045   308D           00207     movlw low HPERIOD
Message[302]: Register in operand not in bank 0.  Ensure that bank bits are correct.
0046   00B5           00208     movwf PWM3PRL
Message[302]: Register in operand not in bank 0.  Ensure that bank bits are correct.
0047   17BF           00209     bsf PWM3LDCON,7
Message[305]: Using default destination of 1 (file).
0048   0A??           00210     incf state
0049                  00211 pe_last
0049   01??           00212     clrf vsync_count
Message[305]: Using default destination of 1 (file).
004A   0A??           00213     incf state
004B   2???           00214     goto isr_exit
                      00215 ; return to normal line
004C                  00216 vsync_completed
004C   003B           00217     banksel PWM3DC
004D   3042           00218     movlw HSYNC
Message[302]: Register in operand not in bank 0.  Ensure that bank bits are correct.
004E   00B3           00219     movwf PWM3DCL
Message[302]: Register in operand not in bank 0.  Ensure that bank bits are correct.
004F   01B4           00220     clrf PWM3DCH
0050   3003           00221     movlw high HPERIOD
Message[302]: Register in operand not in bank 0.  Ensure that bank bits are correct.
0051   00B6           00222     movwf PWM3PRH
0052   308D           00223     movlw low HPERIOD
Message[302]: Register in operand not in bank 0.  Ensure that bank bits are correct.
0053   00B5           00224     movwf PWM3PRL
Message[302]: Register in operand not in bank 0.  Ensure that bank bits are correct.
0054   17BF           00225     bsf PWM3LDCON,7
Message[305]: Using default destination of 1 (file).
0055   0A??           00226     incf state
0056   3009           00227     movlw 9
MPASM 5.83  /HOME/JACQUES/MPLABXPROJECTS/BRE   2-26-2019  23:17:23         PAGE  6


LOC  OBJECT CODE     LINE SOURCE TEXT
  VALUE

0057   00??           00228     movwf lcount
0058   2???           00229     goto isr_exit
0059                  00230 video_lines
                      00231 ; chroma sync
                      00232     tdelay 6
  0002                    M     variable q=(6)/3
  0000                    M     variable r=(6)%3
                          M     if (q)
0059   3002               M     movlw q
Message[305]: Using default destination of 1 (file).
005A   0B89               M     decfsz WREG
005B   2???               M     goto $-1
                          M     endif
                          M     if (r==2)
                          M     goto $+1
                          M     else 
                          M     if (r==1)
                          M     nop
                          M     endif
                          M     endif
005C   003B           00233     banksel PWM1CON
Message[302]: Register in operand not in bank 0.  Ensure that bank bits are correct.
005D   171B           00234     bsf PWM1CON,OE
                      00235     tdelay 5
  0001                    M     variable q=(5)/3
  0002                    M     variable r=(5)%3
                          M     if (q)
005E   3001               M     movlw q
Message[305]: Using default destination of 1 (file).
005F   0B89               M     decfsz WREG
0060   2???               M     goto $-1
                          M     endif
                          M     if (r==2)
0061   2???               M     goto $+1
                          M     else 
                          M     if (r==1)
                          M     nop
                          M     endif
                          M     endif
Message[302]: Register in operand not in bank 0.  Ensure that bank bits are correct.
0062   131B           00236     bcf PWM1CON,OE
Message[305]: Using default destination of 1 (file).
0063   0A??           00237     incf lcount
0064   1903           00238     skpnz
0065   1400           00239     bsf flags, F_HI_LINE
0066   1800           00240     btfsc flags, F_HI_LINE
0067   2???           00241     goto hi_line
0068   3014           00242     movlw 20
0069   02??           00243     subwf lcount,W
006A   1C03           00244     skpc
006B   2???           00245     goto isr_exit
006C   30FB           00246     movlw 251
006D   02??           00247     subwf lcount,W
MPASM 5.83  /HOME/JACQUES/MPLABXPROJECTS/BRE   2-26-2019  23:17:23         PAGE  7


LOC  OBJECT CODE     LINE SOURCE TEXT
  VALUE

006E   1803           00248     skpnc
006F   2???           00249     goto isr_exit
0070   3014           00250     movlw 20
0071   02??           00251     subwf lcount,W
0072   1D03           00252     skpz
0073   2???           00253     goto try_250
0074   0022           00254     banksel LATA
Message[302]: Register in operand not in bank 0.  Ensure that bank bits are correct.
0075   160C           00255     bsf LATA,VIDEO_OUT
0076   3038           00256     movlw 56
Message[305]: Using default destination of 1 (file).
0077   0B89           00257     decfsz WREG
0078   2???           00258     goto $-1
Message[302]: Register in operand not in bank 0.  Ensure that bank bits are correct.
0079   120C           00259     bcf LATA,VIDEO_OUT
007A   2???           00260     goto isr_exit
007B                  00261 try_250
007B   30FA           00262     movlw 250
007C   02??           00263     subwf lcount,W
007D   1D03           00264     skpz
007E   2???           00265     goto vertical_bars
007F   0022           00266     banksel LATA
Message[302]: Register in operand not in bank 0.  Ensure that bank bits are correct.
0080   160C           00267     bsf LATA, VIDEO_OUT
0081   3036           00268     movlw 54
Message[305]: Using default destination of 1 (file).
0082   0B89           00269     decfsz WREG
0083   2???           00270     goto $-1
Message[302]: Register in operand not in bank 0.  Ensure that bank bits are correct.
0084   120C           00271     bcf LATA,VIDEO_OUT
0085   2???           00272     goto isr_exit
0086                  00273 vertical_bars    
                      00274 ; video output
                      00275     set_pixel BLUE
                          M     if BLUE==BLACK
                          M     banksel LATA
                          M     bcf LATA, VIDEO_OUT
                          M     banksel PWM1CON
                          M     bcf PWM1CON,OE
                          M     goto $+1
                          M     endif  
                          M     if BLUE==YELLOW
                          M     banksel LATA
                          M     bsf LATA,VIDEO_OUT
                          M     banksel PWM1CON
                          M     bcf PWM1CON,POL
                          M     bsf PWM1CON,OE
                          M     nop
                          M     endif
                          M     if BLUE==BLUE
0086   0022               M     banksel LATA
Message[302]: Register in operand not in bank 0.  Ensure that bank bits are correct.
0087   120C               M     bcf LATA,VIDEO_OUT
MPASM 5.83  /HOME/JACQUES/MPLABXPROJECTS/BRE   2-26-2019  23:17:23         PAGE  8


LOC  OBJECT CODE     LINE SOURCE TEXT
  VALUE

0088   003B               M     banksel PWM1CON
Message[302]: Register in operand not in bank 0.  Ensure that bank bits are correct.
0089   161B               M     bsf PWM1CON,POL
Message[302]: Register in operand not in bank 0.  Ensure that bank bits are correct.
008A   171B               M     bsf PWM1CON,OE
008B   2???               M     goto $+1
                          M     endif
                          M     if BLUE==WHITE
                          M     banksel LATA
                          M     bsf LATA, VIDEO_OUT
                          M     banksel PWM1CON
                          M     bcf PWM1CON,OE
                          M     goto $+1
                          M     goto $+1
                          M     endif
                          M     if BLUE==MAUVE
                          M     banksel LATA
                          M     bsf LATA,VIDEO_OUT
                          M     banksel PWM1CON
                          M     bsf PWM1CON,POL
                          M     bsf PWM1CON,OE
                          M     nop
                          M     endif
                          M     if BLUE==GREEN
                          M     banksel LATA
                          M     bcf LATA,VIDEO_OUT
                          M     banksel PWM1CON
                          M     bcf PWM1CON,POL
                          M     bsf PWM1CON,OE
                          M     goto $+1
                          M     endif
                      00276     tdelay 4
  0001                    M     variable q=(4)/3
  0001                    M     variable r=(4)%3
                          M     if (q)
008C   3001               M     movlw q
Message[305]: Using default destination of 1 (file).
008D   0B89               M     decfsz WREG
008E   2???               M     goto $-1
                          M     endif
                          M     if (r==2)
                          M     goto $+1
                          M     else 
                          M     if (r==1)
008F   0000               M     nop
                          M     endif
                          M     endif
                      00277     set_pixel YELLOW
                          M     if YELLOW==BLACK
                          M     banksel LATA
                          M     bcf LATA, VIDEO_OUT
                          M     banksel PWM1CON
                          M     bcf PWM1CON,OE
MPASM 5.83  /HOME/JACQUES/MPLABXPROJECTS/BRE   2-26-2019  23:17:23         PAGE  9


LOC  OBJECT CODE     LINE SOURCE TEXT
  VALUE

                          M     goto $+1
                          M     endif  
                          M     if YELLOW==YELLOW
0090   0022               M     banksel LATA
Message[302]: Register in operand not in bank 0.  Ensure that bank bits are correct.
0091   160C               M     bsf LATA,VIDEO_OUT
0092   003B               M     banksel PWM1CON
Message[302]: Register in operand not in bank 0.  Ensure that bank bits are correct.
0093   121B               M     bcf PWM1CON,POL
Message[302]: Register in operand not in bank 0.  Ensure that bank bits are correct.
0094   171B               M     bsf PWM1CON,OE
0095   0000               M     nop
                          M     endif
                          M     if YELLOW==BLUE
                          M     banksel LATA
                          M     bcf LATA,VIDEO_OUT
                          M     banksel PWM1CON
                          M     bsf PWM1CON,POL
                          M     bsf PWM1CON,OE
                          M     goto $+1
                          M     endif
                          M     if YELLOW==WHITE
                          M     banksel LATA
                          M     bsf LATA, VIDEO_OUT
                          M     banksel PWM1CON
                          M     bcf PWM1CON,OE
                          M     goto $+1
                          M     goto $+1
                          M     endif
                          M     if YELLOW==MAUVE
                          M     banksel LATA
                          M     bsf LATA,VIDEO_OUT
                          M     banksel PWM1CON
                          M     bsf PWM1CON,POL
                          M     bsf PWM1CON,OE
                          M     nop
                          M     endif
                          M     if YELLOW==GREEN
                          M     banksel LATA
                          M     bcf LATA,VIDEO_OUT
                          M     banksel PWM1CON
                          M     bcf PWM1CON,POL
                          M     bsf PWM1CON,OE
                          M     goto $+1
                          M     endif
                      00278     tdelay 4
  0001                    M     variable q=(4)/3
  0001                    M     variable r=(4)%3
                          M     if (q)
0096   3001               M     movlw q
Message[305]: Using default destination of 1 (file).
0097   0B89               M     decfsz WREG
0098   2???               M     goto $-1
MPASM 5.83  /HOME/JACQUES/MPLABXPROJECTS/BRE   2-26-2019  23:17:23         PAGE 10


LOC  OBJECT CODE     LINE SOURCE TEXT
  VALUE

                          M     endif
                          M     if (r==2)
                          M     goto $+1
                          M     else 
                          M     if (r==1)
0099   0000               M     nop
                          M     endif
                          M     endif
                      00279     set_pixel MAUVE
                          M     if MAUVE==BLACK
                          M     banksel LATA
                          M     bcf LATA, VIDEO_OUT
                          M     banksel PWM1CON
                          M     bcf PWM1CON,OE
                          M     goto $+1
                          M     endif  
                          M     if MAUVE==YELLOW
                          M     banksel LATA
                          M     bsf LATA,VIDEO_OUT
                          M     banksel PWM1CON
                          M     bcf PWM1CON,POL
                          M     bsf PWM1CON,OE
                          M     nop
                          M     endif
                          M     if MAUVE==BLUE
                          M     banksel LATA
                          M     bcf LATA,VIDEO_OUT
                          M     banksel PWM1CON
                          M     bsf PWM1CON,POL
                          M     bsf PWM1CON,OE
                          M     goto $+1
                          M     endif
                          M     if MAUVE==WHITE
                          M     banksel LATA
                          M     bsf LATA, VIDEO_OUT
                          M     banksel PWM1CON
                          M     bcf PWM1CON,OE
                          M     goto $+1
                          M     goto $+1
                          M     endif
                          M     if MAUVE==MAUVE
009A   0022               M     banksel LATA
Message[302]: Register in operand not in bank 0.  Ensure that bank bits are correct.
009B   160C               M     bsf LATA,VIDEO_OUT
009C   003B               M     banksel PWM1CON
Message[302]: Register in operand not in bank 0.  Ensure that bank bits are correct.
009D   161B               M     bsf PWM1CON,POL
Message[302]: Register in operand not in bank 0.  Ensure that bank bits are correct.
009E   171B               M     bsf PWM1CON,OE
009F   0000               M     nop
                          M     endif
                          M     if MAUVE==GREEN
                          M     banksel LATA
MPASM 5.83  /HOME/JACQUES/MPLABXPROJECTS/BRE   2-26-2019  23:17:23         PAGE 11


LOC  OBJECT CODE     LINE SOURCE TEXT
  VALUE

                          M     bcf LATA,VIDEO_OUT
                          M     banksel PWM1CON
                          M     bcf PWM1CON,POL
                          M     bsf PWM1CON,OE
                          M     goto $+1
                          M     endif
                      00280     tdelay 4
  0001                    M     variable q=(4)/3
  0001                    M     variable r=(4)%3
                          M     if (q)
00A0   3001               M     movlw q
Message[305]: Using default destination of 1 (file).
00A1   0B89               M     decfsz WREG
00A2   2???               M     goto $-1
                          M     endif
                          M     if (r==2)
                          M     goto $+1
                          M     else 
                          M     if (r==1)
00A3   0000               M     nop
                          M     endif
                          M     endif
                      00281     set_pixel GREEN
                          M     if GREEN==BLACK
                          M     banksel LATA
                          M     bcf LATA, VIDEO_OUT
                          M     banksel PWM1CON
                          M     bcf PWM1CON,OE
                          M     goto $+1
                          M     endif  
                          M     if GREEN==YELLOW
                          M     banksel LATA
                          M     bsf LATA,VIDEO_OUT
                          M     banksel PWM1CON
                          M     bcf PWM1CON,POL
                          M     bsf PWM1CON,OE
                          M     nop
                          M     endif
                          M     if GREEN==BLUE
                          M     banksel LATA
                          M     bcf LATA,VIDEO_OUT
                          M     banksel PWM1CON
                          M     bsf PWM1CON,POL
                          M     bsf PWM1CON,OE
                          M     goto $+1
                          M     endif
                          M     if GREEN==WHITE
                          M     banksel LATA
                          M     bsf LATA, VIDEO_OUT
                          M     banksel PWM1CON
                          M     bcf PWM1CON,OE
                          M     goto $+1
                          M     goto $+1
MPASM 5.83  /HOME/JACQUES/MPLABXPROJECTS/BRE   2-26-2019  23:17:23         PAGE 12


LOC  OBJECT CODE     LINE SOURCE TEXT
  VALUE

                          M     endif
                          M     if GREEN==MAUVE
                          M     banksel LATA
                          M     bsf LATA,VIDEO_OUT
                          M     banksel PWM1CON
                          M     bsf PWM1CON,POL
                          M     bsf PWM1CON,OE
                          M     nop
                          M     endif
                          M     if GREEN==GREEN
00A4   0022               M     banksel LATA
Message[302]: Register in operand not in bank 0.  Ensure that bank bits are correct.
00A5   120C               M     bcf LATA,VIDEO_OUT
00A6   003B               M     banksel PWM1CON
Message[302]: Register in operand not in bank 0.  Ensure that bank bits are correct.
00A7   121B               M     bcf PWM1CON,POL
Message[302]: Register in operand not in bank 0.  Ensure that bank bits are correct.
00A8   171B               M     bsf PWM1CON,OE
00A9   2???               M     goto $+1
                          M     endif
                      00282     tdelay 4
  0001                    M     variable q=(4)/3
  0001                    M     variable r=(4)%3
                          M     if (q)
00AA   3001               M     movlw q
Message[305]: Using default destination of 1 (file).
00AB   0B89               M     decfsz WREG
00AC   2???               M     goto $-1
                          M     endif
                          M     if (r==2)
                          M     goto $+1
                          M     else 
                          M     if (r==1)
00AD   0000               M     nop
                          M     endif
                          M     endif
                      00283     set_pixel WHITE
                          M     if WHITE==BLACK
                          M     banksel LATA
                          M     bcf LATA, VIDEO_OUT
                          M     banksel PWM1CON
                          M     bcf PWM1CON,OE
                          M     goto $+1
                          M     endif  
                          M     if WHITE==YELLOW
                          M     banksel LATA
                          M     bsf LATA,VIDEO_OUT
                          M     banksel PWM1CON
                          M     bcf PWM1CON,POL
                          M     bsf PWM1CON,OE
                          M     nop
                          M     endif
                          M     if WHITE==BLUE
MPASM 5.83  /HOME/JACQUES/MPLABXPROJECTS/BRE   2-26-2019  23:17:23         PAGE 13


LOC  OBJECT CODE     LINE SOURCE TEXT
  VALUE

                          M     banksel LATA
                          M     bcf LATA,VIDEO_OUT
                          M     banksel PWM1CON
                          M     bsf PWM1CON,POL
                          M     bsf PWM1CON,OE
                          M     goto $+1
                          M     endif
                          M     if WHITE==WHITE
00AE   0022               M     banksel LATA
Message[302]: Register in operand not in bank 0.  Ensure that bank bits are correct.
00AF   160C               M     bsf LATA, VIDEO_OUT
00B0   003B               M     banksel PWM1CON
Message[302]: Register in operand not in bank 0.  Ensure that bank bits are correct.
00B1   131B               M     bcf PWM1CON,OE
00B2   2???               M     goto $+1
00B3   2???               M     goto $+1
                          M     endif
                          M     if WHITE==MAUVE
                          M     banksel LATA
                          M     bsf LATA,VIDEO_OUT
                          M     banksel PWM1CON
                          M     bsf PWM1CON,POL
                          M     bsf PWM1CON,OE
                          M     nop
                          M     endif
                          M     if WHITE==GREEN
                          M     banksel LATA
                          M     bcf LATA,VIDEO_OUT
                          M     banksel PWM1CON
                          M     bcf PWM1CON,POL
                          M     bsf PWM1CON,OE
                          M     goto $+1
                          M     endif
                      00284     tdelay 4
  0001                    M     variable q=(4)/3
  0001                    M     variable r=(4)%3
                          M     if (q)
00B4   3001               M     movlw q
Message[305]: Using default destination of 1 (file).
00B5   0B89               M     decfsz WREG
00B6   2???               M     goto $-1
                          M     endif
                          M     if (r==2)
                          M     goto $+1
                          M     else 
                          M     if (r==1)
00B7   0000               M     nop
                          M     endif
                          M     endif
                      00285     set_pixel BLACK
                          M     if BLACK==BLACK
00B8   0022               M     banksel LATA
Message[302]: Register in operand not in bank 0.  Ensure that bank bits are correct.
MPASM 5.83  /HOME/JACQUES/MPLABXPROJECTS/BRE   2-26-2019  23:17:23         PAGE 14


LOC  OBJECT CODE     LINE SOURCE TEXT
  VALUE

00B9   120C               M     bcf LATA, VIDEO_OUT
00BA   003B               M     banksel PWM1CON
Message[302]: Register in operand not in bank 0.  Ensure that bank bits are correct.
00BB   131B               M     bcf PWM1CON,OE
00BC   2???               M     goto $+1
                          M     endif  
                          M     if BLACK==YELLOW
                          M     banksel LATA
                          M     bsf LATA,VIDEO_OUT
                          M     banksel PWM1CON
                          M     bcf PWM1CON,POL
                          M     bsf PWM1CON,OE
                          M     nop
                          M     endif
                          M     if BLACK==BLUE
                          M     banksel LATA
                          M     bcf LATA,VIDEO_OUT
                          M     banksel PWM1CON
                          M     bsf PWM1CON,POL
                          M     bsf PWM1CON,OE
                          M     goto $+1
                          M     endif
                          M     if BLACK==WHITE
                          M     banksel LATA
                          M     bsf LATA, VIDEO_OUT
                          M     banksel PWM1CON
                          M     bcf PWM1CON,OE
                          M     goto $+1
                          M     goto $+1
                          M     endif
                          M     if BLACK==MAUVE
                          M     banksel LATA
                          M     bsf LATA,VIDEO_OUT
                          M     banksel PWM1CON
                          M     bsf PWM1CON,POL
                          M     bsf PWM1CON,OE
                          M     nop
                          M     endif
                          M     if BLACK==GREEN
                          M     banksel LATA
                          M     bcf LATA,VIDEO_OUT
                          M     banksel PWM1CON
                          M     bcf PWM1CON,POL
                          M     bsf PWM1CON,OE
                          M     goto $+1
                          M     endif
                      00286 ;    banksel LATA
                      00287 ;    bsf LATA, VIDEO_OUT
                      00288 ;    banksel PWM1CON
                      00289 ;    bsf PWM1CON,OE
                      00290 ;    banksel PWM1CON
                      00291 ;    bcf PWM1CON,OE
                      00292 ;    banksel PWM1CON
MPASM 5.83  /HOME/JACQUES/MPLABXPROJECTS/BRE   2-26-2019  23:17:23         PAGE 15


LOC  OBJECT CODE     LINE SOURCE TEXT
  VALUE

                      00293 ;    bsf PWM1CON,OE
                      00294 ;    banksel PWM1CON
                      00295 ;    bcf PWM1CON,OE
                      00296 ;    banksel PWM1CON
                      00297 ;    bsf PWM1CON,OE
                      00298 ;    tdelay 6
                      00299 ;    banksel LATA
                      00300 ;    bcf LATA, VIDEO_OUT
                      00301 ;    banksel PWM1CON
                      00302 ;    bsf PWM1CON,POL
                      00303 ;    tdelay 6
                      00304 ;    banksel PWM1CON
                      00305 ;    bcf PWM1CON,OE
                      00306 ;    bcf PWM1CON,POL
                      00307 ;    banksel LATA
                      00308 ;    bsf LATA,VIDEO_OUT
                      00309 ;    tdelay 6
                      00310 ;    bcf LATA,VIDEO_OUT
00BD   2???           00311     goto isr_exit
00BE                  00312 hi_line
00BE   1880           00313     btfsc flags,F_EVEN
00BF   2???           00314     goto even_field
00C0   3005           00315     movlw 5
00C1   02??           00316     subwf lcount,W
00C2   1D03           00317     skpz
00C3   2???           00318     goto isr_exit
00C4   2???           00319     goto field_end
00C5                  00320 even_field
00C5   3006           00321     movlw 6
00C6   02??           00322     subwf lcount,W
00C7   1D03           00323     skpz
00C8   2???           00324     goto isr_exit
                      00325 ; even field last line is half_line    
                      00326 ; set PWM3 for line 263 half-line
00C9   003B           00327     banksel PWM3DC
00CA   3001           00328     movlw high HALF_LINE
Message[302]: Register in operand not in bank 0.  Ensure that bank bits are correct.
00CB   00B6           00329     movwf PWM3PRH
00CC   30C6           00330     movlw low HALF_LINE
Message[302]: Register in operand not in bank 0.  Ensure that bank bits are correct.
00CD   00B5           00331     movwf PWM3PRL
Message[302]: Register in operand not in bank 0.  Ensure that bank bits are correct.
00CE   17BF           00332     bsf PWM3LDCON,7
00CF                  00333 field_end
00CF   01??           00334     clrf state
00D0   01??           00335     clrf lcount
00D1   1000           00336     bcf flags, F_HI_LINE
                      00337 ; toggle odd/even field flag    
00D2   3002           00338     movlw 1<<F_EVEN
Message[305]: Using default destination of 1 (file).
00D3   06??           00339     xorwf flags
00D4                  00340 isr_exit  
00D4   003B           00341     banksel PWM3INTF
MPASM 5.83  /HOME/JACQUES/MPLABXPROJECTS/BRE   2-26-2019  23:17:23         PAGE 16


LOC  OBJECT CODE     LINE SOURCE TEXT
  VALUE

Message[302]: Register in operand not in bank 0.  Ensure that bank bits are correct.
00D5   103D           00342     bcf PWM3INTF,PRIF
00D6   0020           00343     banksel PIR3
00D7   1313           00344     bcf PIR3,PWM3IF
00D8   0009           00345     retfie
                      00346     
                      00347 MAIN_PROG CODE                      ; let linker place main program
                      00348 
0000                  00349 START
                      00350 ; reset common ram 0x70-0x7f
0000   3070           00351     movlw 0x70
0001   0084           00352     movwf FSR0L
0002   0185           00353     clrf FSR0H
0003   0180           00354     clrf INDF0
Message[305]: Using default destination of 1 (file).
0004   0A84           00355     incf FSR0L
0005   1F84           00356     btfss FSR0L,7
0006   2???           00357     goto $-3
                      00358 ; disable analog inputs
0007   0023           00359     banksel ANSELA
Message[302]: Register in operand not in bank 0.  Ensure that bank bits are correct.
0008   018C           00360     clrf ANSELA
                      00361 ; pin setup   
0009   0021           00362     banksel TRISA
Message[302]: Register in operand not in bank 0.  Ensure that bank bits are correct.
000A   108C           00363     bcf TRISA,CHROMA
Message[302]: Register in operand not in bank 0.  Ensure that bank bits are correct.
000B   110C           00364     bcf TRISA,SYNC_OUT
Message[302]: Register in operand not in bank 0.  Ensure that bank bits are correct.
000C   120C           00365     bcf TRISA,VIDEO_OUT
000D   0022           00366     banksel LATA
Message[302]: Register in operand not in bank 0.  Ensure that bank bits are correct.
000E   120C           00367     bcf LATA, VIDEO_OUT
Message[302]: Register in operand not in bank 0.  Ensure that bank bits are correct.
000F   150C           00368     bsf LATA, SYNC_OUT
                      00369 ; PWM1 chroma signal on RA1
0010   003B           00370     banksel PWM1CON
Message[302]: Register in operand not in bank 0.  Ensure that bank bits are correct.
0011   019F           00371     clrf PWM1LDCON
Message[302]: Register in operand not in bank 0.  Ensure that bank bits are correct.
0012   0191           00372     clrf PWM1PHL
Message[302]: Register in operand not in bank 0.  Ensure that bank bits are correct.
0013   0192           00373     clrf PWM1PHH
Message[302]: Register in operand not in bank 0.  Ensure that bank bits are correct.
0014   0197           00374     clrf PWM1OFL
Message[302]: Register in operand not in bank 0.  Ensure that bank bits are correct.
0015   0198           00375     clrf PWM1OFH
Message[302]: Register in operand not in bank 0.  Ensure that bank bits are correct.
0016   0196           00376     clrf PWM1PRH
0017   3003           00377     movlw 3
Message[302]: Register in operand not in bank 0.  Ensure that bank bits are correct.
0018   0095           00378     movwf PWM1PRL
0019   3002           00379     movlw 2
MPASM 5.83  /HOME/JACQUES/MPLABXPROJECTS/BRE   2-26-2019  23:17:23         PAGE 17


LOC  OBJECT CODE     LINE SOURCE TEXT
  VALUE

Message[302]: Register in operand not in bank 0.  Ensure that bank bits are correct.
001A   0093           00380     movwf PWM1DCL
Message[302]: Register in operand not in bank 0.  Ensure that bank bits are correct.
001B   0194           00381     clrf PWM1DCH
Message[302]: Register in operand not in bank 0.  Ensure that bank bits are correct.
001C   179F           00382     bsf PWM1LDCON,7
001D   3080           00383     movlw (1<<EN)
Message[302]: Register in operand not in bank 0.  Ensure that bank bits are correct.
001E   009B           00384     movwf PWM1CON
                      00385 ; PWM3 set to horizontal period 15734 hertz, output on RA2
001F   003B           00386     banksel PWM3CON
Message[302]: Register in operand not in bank 0.  Ensure that bank bits are correct.
0020   01BF           00387     clrf PWM3LDCON
Message[302]: Register in operand not in bank 0.  Ensure that bank bits are correct.
0021   01B1           00388     clrf PWM3PHL
Message[302]: Register in operand not in bank 0.  Ensure that bank bits are correct.
0022   01B2           00389     clrf PWM3PHH
Message[302]: Register in operand not in bank 0.  Ensure that bank bits are correct.
0023   01B7           00390     clrf PWM3OFL
Message[302]: Register in operand not in bank 0.  Ensure that bank bits are correct.
0024   01B8           00391     clrf PWM3OFH
0025   308D           00392     movlw low HPERIOD
Message[302]: Register in operand not in bank 0.  Ensure that bank bits are correct.
0026   00B5           00393     movwf PWM3PRL
0027   3003           00394     movlw high HPERIOD
Message[302]: Register in operand not in bank 0.  Ensure that bank bits are correct.
0028   00B6           00395     movwf PWM3PRH
0029   3042           00396     movlw HSYNC
Message[302]: Register in operand not in bank 0.  Ensure that bank bits are correct.
002A   00B3           00397     movwf PWM3DCL
Message[302]: Register in operand not in bank 0.  Ensure that bank bits are correct.
002B   01B4           00398     clrf PWM3DCH
002C   30D0           00399     movlw (1<<EN)|(1<<OE)|(1<<POL)
Message[302]: Register in operand not in bank 0.  Ensure that bank bits are correct.
002D   00BB           00400     movwf PWM3CON
Message[302]: Register in operand not in bank 0.  Ensure that bank bits are correct.
002E   17BF           00401     bsf PWM3LDCON,7
Message[302]: Register in operand not in bank 0.  Ensure that bank bits are correct.
002F   143C           00402     bsf PWM3INTE,PRIE
0030   0020           00403     banksel PIR3
0031   1313           00404     bcf PIR3,PWM3IF
0032   0021           00405     banksel PIE3
Message[302]: Register in operand not in bank 0.  Ensure that bank bits are correct.
0033   1713           00406     bsf PIE3,PWM3IE
0034   170B           00407     bsf INTCON,PEIE
0035   178B           00408     bsf INTCON,GIE
0036   1480           00409     bsf flags, F_EVEN
                      00410  ; all processing done in ISR    
0037   2???           00411     goto $
                      00412     
                      00413     
3FA7 3EFF             00414     END
MPASM 5.83  /HOME/JACQUES/MPLABXPROJECTS/BRE   2-26-2019  23:17:23         PAGE 18


SYMBOL TABLE
  LABEL                             VALUE 

ABDEN                             00000000
ABDOVF                            00000007
ADCON0                            0000009D
ADCON1                            0000009E
ADCON2                            0000009F
ADCS0                             00000004
ADCS1                             00000005
ADCS2                             00000006
ADDEN                             00000003
ADFM                              00000007
ADFVR0                            00000000
ADFVR1                            00000001
ADGO                              00000001
ADIE                              00000006
ADIF                              00000006
ADON                              00000000
ADPREF0                           00000000
ADPREF1                           00000001
ADRES                             0000009B
ADRESH                            0000009C
ADRESL                            0000009B
ANSA0                             00000000
ANSA1                             00000001
ANSA2                             00000002
ANSA4                             00000004
ANSELA                            0000018C
APFCON                            0000011D
APFCON0                           0000011D
AUDIO                             00000000
BAUDCON                           0000019F
BLACK                             00000000
BLUE                              00000002
BORCON                            00000116
BORFS                             00000006
BORRDY                            00000000
BRG16                             00000003
BRGH                              00000002
BSR                               00000008
BSR0                              00000000
BSR1                              00000001
BSR2                              00000002
BSR3                              00000003
BSR4                              00000004
BSR_SHAD                          00000FE6
C                                 00000000
C1HYS                             00000001
C1IE                              00000005
C1IF                              00000005
C1INTN                            00000006
C1INTP                            00000007
C1NCH0                            00000000
C1NCH1                            00000001
C1NCH2                            00000002
MPASM 5.83  /HOME/JACQUES/MPLABXPROJECTS/BRE   2-26-2019  23:17:23         PAGE 19


SYMBOL TABLE
  LABEL                             VALUE 

C1OE                              00000005
C1ON                              00000007
C1OUT                             00000006
C1PCH0                            00000004
C1PCH1                            00000005
C1POL                             00000004
C1SP                              00000002
C1SYNC                            00000000
CDAFVR0                           00000002
CDAFVR1                           00000003
CFGS                              00000006
CHROMA                            00000001
CHS0                              00000002
CHS1                              00000003
CHS2                              00000004
CHS3                              00000005
CHS4                              00000006
CLKIN                             00000005
CM1CON0                           00000111
CM1CON1                           00000112
CMOUT                             00000115
CREN                              00000004
CS0                               00000000
CS1                               00000001
CSRC                              00000007
CWG1CON0                          00000693
CWG1CON1                          00000694
CWG1CON2                          00000695
CWG1DBF                           00000692
CWG1DBF0                          00000000
CWG1DBF1                          00000001
CWG1DBF2                          00000002
CWG1DBF3                          00000003
CWG1DBF4                          00000004
CWG1DBF5                          00000005
CWG1DBR                           00000691
CWG1DBR0                          00000000
CWG1DBR1                          00000001
CWG1DBR2                          00000002
CWG1DBR3                          00000003
CWG1DBR4                          00000004
CWG1DBR5                          00000005
CWGASEL                           00000006
CWGBSEL                           00000005
C_SHAD                            00000000
DACCON0                           00000118
DACCON1                           00000119
DACEN                             00000007
DACLPS                            00000006
DACOE                             00000005
DACPSS0                           00000002
DACPSS1                           00000003
DACR0                             00000000
MPASM 5.83  /HOME/JACQUES/MPLABXPROJECTS/BRE   2-26-2019  23:17:23         PAGE 20


SYMBOL TABLE
  LABEL                             VALUE 

DACR1                             00000001
DACR2                             00000002
DACR3                             00000003
DACR4                             00000004
DC                                00000001
DCIE                              00000001
DCIF                              00000001
DC_SHAD                           00000001
EN                                00000007
F                                 00000001
FERR                              00000002
FREE                              00000004
FSR0                              00000004
FSR0H                             00000005
FSR0H_SHAD                        00000FE9
FSR0L                             00000004
FSR0L_SHAD                        00000FE8
FSR0_SHAD                         00000FE8
FSR1                              00000006
FSR1H                             00000007
FSR1H_SHAD                        00000FEB
FSR1L                             00000006
FSR1L_SHAD                        00000FEA
FSR1_SHAD                         00000FEA
FVRCON                            00000117
FVREN                             00000007
FVRRDY                            00000006
F_EVEN                            00000001
F_HI_LINE                         00000000
Fcy                               00369E6C
Fhorz                             00003D76
Fosc                              00DA79B0
G1ARSEN                           00000006
G1ASDLA0                          00000004
G1ASDLA1                          00000005
G1ASDLB0                          00000006
G1ASDLB1                          00000007
G1ASDSC1                          00000002
G1ASDSFLT                         00000001
G1ASE                             00000007
G1CS0                             00000000
G1EN                              00000007
G1IS0                             00000000
G1IS1                             00000001
G1IS2                             00000002
G1OEA                             00000005
G1OEB                             00000006
G1POLA                            00000003
G1POLB                            00000004
GIE                               00000007
GO                                00000001
GO_NOT_DONE                       00000001
GREEN                             00000005
MPASM 5.83  /HOME/JACQUES/MPLABXPROJECTS/BRE   2-26-2019  23:17:23         PAGE 21


SYMBOL TABLE
  LABEL                             VALUE 

HALF_LINE                         000001C6
HEQUAL                            00000020
HFIOFL                            00000003
HFIOFR                            00000004
HFIOFS                            00000000
HPERIOD                           0000038D
HSYNC                             00000042
INDF0                             00000000
INDF1                             00000001
INLVLA                            0000038C
INLVLA0                           00000000
INLVLA1                           00000001
INLVLA2                           00000002
INLVLA3                           00000003
INLVLA4                           00000004
INLVLA5                           00000005
INTCON                            0000000B
INTE                              00000004
INTEDG                            00000006
INTF                              00000001
IOCAF                             00000393
IOCAF0                            00000000
IOCAF1                            00000001
IOCAF2                            00000002
IOCAF3                            00000003
IOCAF4                            00000004
IOCAF5                            00000005
IOCAN                             00000392
IOCAN0                            00000000
IOCAN1                            00000001
IOCAN2                            00000002
IOCAN3                            00000003
IOCAN4                            00000004
IOCAN5                            00000005
IOCAP                             00000391
IOCAP0                            00000000
IOCAP1                            00000001
IOCAP2                            00000002
IOCAP3                            00000003
IOCAP4                            00000004
IOCAP5                            00000005
IOCIE                             00000003
IOCIF                             00000000
IRCF0                             00000003
IRCF1                             00000004
IRCF2                             00000005
IRCF3                             00000006
LATA                              0000010C
LATA0                             00000000
LATA1                             00000001
LATA2                             00000002
LATA4                             00000004
LATA5                             00000005
MPASM 5.83  /HOME/JACQUES/MPLABXPROJECTS/BRE   2-26-2019  23:17:23         PAGE 22


SYMBOL TABLE
  LABEL                             VALUE 

LDA                               00000007
LDS0                              00000000
LDS1                              00000001
LDT                               00000006
LFIOFR                            00000001
LWLO                              00000005
MAUVE                             00000004
MC1OUT                            00000000
MFIOFR                            00000002
MODE0                             00000002
MODE1                             00000003
MPWM1EN                           00000000
MPWM1LD                           00000000
MPWM1OUT                          00000000
MPWM2EN                           00000001
MPWM2LD                           00000001
MPWM2OUT                          00000001
MPWM3EN                           00000002
MPWM3LD                           00000002
MPWM3OUT                          00000002
NOT_BOR                           00000000
NOT_DONE                          00000001
NOT_PD                            00000003
NOT_POR                           00000001
NOT_RI                            00000002
NOT_RMCLR                         00000003
NOT_RWDT                          00000004
NOT_T1SYNC                        00000002
NOT_TO                            00000004
NOT_WPUEN                         00000007
ODA0                              00000000
ODA1                              00000001
ODA2                              00000002
ODA4                              00000004
ODA5                              00000005
ODCONA                            0000028C
OE                                00000006
OERR                              00000001
OFIE                              00000003
OFIF                              00000003
OFM0                              00000005
OFM1                              00000006
OFO                               00000004
OFS0                              00000000
OFS1                              00000001
OPTION_REG                        00000095
OSCCON                            00000099
OSCSTAT                           0000009A
OSCTUNE                           00000098
OSTS                              00000005
OUT                               00000005
P1SEL                             00000000
P2SEL                             00000001
MPASM 5.83  /HOME/JACQUES/MPLABXPROJECTS/BRE   2-26-2019  23:17:23         PAGE 23


SYMBOL TABLE
  LABEL                             VALUE 

PCL                               00000002
PCLATH                            0000000A
PCLATH_SHAD                       00000FE7
PCON                              00000096
PEIE                              00000006
PHIE                              00000002
PHIF                              00000002
PIE1                              00000091
PIE2                              00000092
PIE3                              00000093
PIR1                              00000011
PIR2                              00000012
PIR3                              00000013
PLLR                              00000006
PMADR                             00000191
PMADRH                            00000192
PMADRL                            00000191
PMCON1                            00000195
PMCON2                            00000196
PMDAT                             00000193
PMDATH                            00000194
PMDATL                            00000193
POL                               00000004
PORTA                             0000000C
PR2                               0000001B
PRIE                              00000000
PRIF                              00000000
PS0_OPTION_REG                    00000000
PS0_PWM1CLKCON                    00000004
PS0_PWM2CLKCON                    00000004
PS0_PWM3CLKCON                    00000004
PS1_OPTION_REG                    00000001
PS1_PWM1CLKCON                    00000005
PS1_PWM2CLKCON                    00000005
PS1_PWM3CLKCON                    00000005
PS2_OPTION_REG                    00000002
PS2_PWM1CLKCON                    00000006
PS2_PWM2CLKCON                    00000006
PS2_PWM3CLKCON                    00000006
PSA                               00000003
PWM1CLKCON                        00000D9E
PWM1CON                           00000D9B
PWM1CS0                           00000000
PWM1CS1                           00000001
PWM1DC                            00000D93
PWM1DCH                           00000D94
PWM1DCH0                          00000000
PWM1DCH1                          00000001
PWM1DCH2                          00000002
PWM1DCH3                          00000003
PWM1DCH4                          00000004
PWM1DCH5                          00000005
PWM1DCH6                          00000006
MPASM 5.83  /HOME/JACQUES/MPLABXPROJECTS/BRE   2-26-2019  23:17:23         PAGE 24


SYMBOL TABLE
  LABEL                             VALUE 

PWM1DCH7                          00000007
PWM1DCIE                          00000001
PWM1DCIF                          00000001
PWM1DCL                           00000D93
PWM1DCL0                          00000000
PWM1DCL1                          00000001
PWM1DCL2                          00000002
PWM1DCL3                          00000003
PWM1DCL4                          00000004
PWM1DCL5                          00000005
PWM1DCL6                          00000006
PWM1DCL7                          00000007
PWM1EN                            00000007
PWM1EN_A                          00000000
PWM1IE                            00000004
PWM1IF                            00000004
PWM1INTCON                        00000D9C
PWM1INTE                          00000D9C
PWM1INTF                          00000D9D
PWM1INTFLG                        00000D9D
PWM1LD                            00000007
PWM1LDA_A                         00000000
PWM1LDCON                         00000D9F
PWM1LDM                           00000006
PWM1LDS0                          00000000
PWM1LDS1                          00000001
PWM1MODE0                         00000002
PWM1MODE1                         00000003
PWM1OE                            00000006
PWM1OF                            00000D97
PWM1OFCON                         00000DA0
PWM1OFH                           00000D98
PWM1OFH0                          00000000
PWM1OFH1                          00000001
PWM1OFH2                          00000002
PWM1OFH3                          00000003
PWM1OFH4                          00000004
PWM1OFH5                          00000005
PWM1OFH6                          00000006
PWM1OFH7                          00000007
PWM1OFIE                          00000003
PWM1OFIF                          00000003
PWM1OFL                           00000D97
PWM1OFL0                          00000000
PWM1OFL1                          00000001
PWM1OFL2                          00000002
PWM1OFL3                          00000003
PWM1OFL4                          00000004
PWM1OFL5                          00000005
PWM1OFL6                          00000006
PWM1OFL7                          00000007
PWM1OFM0                          00000005
PWM1OFM1                          00000006
MPASM 5.83  /HOME/JACQUES/MPLABXPROJECTS/BRE   2-26-2019  23:17:23         PAGE 25


SYMBOL TABLE
  LABEL                             VALUE 

PWM1OFMC                          00000004
PWM1OFS0                          00000000
PWM1OFS1                          00000001
PWM1OUT                           00000005
PWM1OUT_A                         00000000
PWM1PH                            00000D91
PWM1PHH                           00000D92
PWM1PHH0                          00000000
PWM1PHH1                          00000001
PWM1PHH2                          00000002
PWM1PHH3                          00000003
PWM1PHH4                          00000004
PWM1PHH5                          00000005
PWM1PHH6                          00000006
PWM1PHH7                          00000007
PWM1PHIE                          00000002
PWM1PHIF                          00000002
PWM1PHL                           00000D91
PWM1PHL0                          00000000
PWM1PHL1                          00000001
PWM1PHL2                          00000002
PWM1PHL3                          00000003
PWM1PHL4                          00000004
PWM1PHL5                          00000005
PWM1PHL6                          00000006
PWM1PHL7                          00000007
PWM1POL                           00000004
PWM1PR                            00000D95
PWM1PRH                           00000D96
PWM1PRH0                          00000000
PWM1PRH1                          00000001
PWM1PRH2                          00000002
PWM1PRH3                          00000003
PWM1PRH4                          00000004
PWM1PRH5                          00000005
PWM1PRH6                          00000006
PWM1PRH7                          00000007
PWM1PRIE                          00000000
PWM1PRIF                          00000000
PWM1PRL                           00000D95
PWM1PRL0                          00000000
PWM1PRL1                          00000001
PWM1PRL2                          00000002
PWM1PRL3                          00000003
PWM1PRL4                          00000004
PWM1PRL5                          00000005
PWM1PRL6                          00000006
PWM1PRL7                          00000007
PWM1PS0                           00000004
PWM1PS1                           00000005
PWM1PS2                           00000006
PWM1TMR                           00000D99
PWM1TMRH                          00000D9A
MPASM 5.83  /HOME/JACQUES/MPLABXPROJECTS/BRE   2-26-2019  23:17:23         PAGE 26


SYMBOL TABLE
  LABEL                             VALUE 

PWM1TMRH0                         00000000
PWM1TMRH1                         00000001
PWM1TMRH2                         00000002
PWM1TMRH3                         00000003
PWM1TMRH4                         00000004
PWM1TMRH5                         00000005
PWM1TMRH6                         00000006
PWM1TMRH7                         00000007
PWM1TMRL                          00000D99
PWM1TMRL0                         00000000
PWM1TMRL1                         00000001
PWM1TMRL2                         00000002
PWM1TMRL3                         00000003
PWM1TMRL4                         00000004
PWM1TMRL5                         00000005
PWM1TMRL6                         00000006
PWM1TMRL7                         00000007
PWM2CLKCON                        00000DAE
PWM2CON                           00000DAB
PWM2CS0                           00000000
PWM2CS1                           00000001
PWM2DC                            00000DA3
PWM2DCH                           00000DA4
PWM2DCH0                          00000000
PWM2DCH1                          00000001
PWM2DCH2                          00000002
PWM2DCH3                          00000003
PWM2DCH4                          00000004
PWM2DCH5                          00000005
PWM2DCH6                          00000006
PWM2DCH7                          00000007
PWM2DCIE                          00000001
PWM2DCIF                          00000001
PWM2DCL                           00000DA3
PWM2DCL0                          00000000
PWM2DCL1                          00000001
PWM2DCL2                          00000002
PWM2DCL3                          00000003
PWM2DCL4                          00000004
PWM2DCL5                          00000005
PWM2DCL6                          00000006
PWM2DCL7                          00000007
PWM2EN                            00000007
PWM2EN_A                          00000001
PWM2IE                            00000005
PWM2IF                            00000005
PWM2INTCON                        00000DAC
PWM2INTE                          00000DAC
PWM2INTF                          00000DAD
PWM2INTFLG                        00000DAD
PWM2LD                            00000007
PWM2LDA_A                         00000001
PWM2LDCON                         00000DAF
MPASM 5.83  /HOME/JACQUES/MPLABXPROJECTS/BRE   2-26-2019  23:17:23         PAGE 27


SYMBOL TABLE
  LABEL                             VALUE 

PWM2LDM                           00000006
PWM2LDS0                          00000000
PWM2LDS1                          00000001
PWM2MODE0                         00000002
PWM2MODE1                         00000003
PWM2OE                            00000006
PWM2OF                            00000DA7
PWM2OFCON                         00000DB0
PWM2OFH                           00000DA8
PWM2OFH0                          00000000
PWM2OFH1                          00000001
PWM2OFH2                          00000002
PWM2OFH3                          00000003
PWM2OFH4                          00000004
PWM2OFH5                          00000005
PWM2OFH6                          00000006
PWM2OFH7                          00000007
PWM2OFIE                          00000003
PWM2OFIF                          00000003
PWM2OFL                           00000DA7
PWM2OFL0                          00000000
PWM2OFL1                          00000001
PWM2OFL2                          00000002
PWM2OFL3                          00000003
PWM2OFL4                          00000004
PWM2OFL5                          00000005
PWM2OFL6                          00000006
PWM2OFL7                          00000007
PWM2OFM0                          00000005
PWM2OFM1                          00000006
PWM2OFMC                          00000004
PWM2OFS0                          00000000
PWM2OFS1                          00000001
PWM2OUT                           00000005
PWM2OUT_A                         00000001
PWM2PH                            00000DA1
PWM2PHH                           00000DA2
PWM2PHH0                          00000000
PWM2PHH1                          00000001
PWM2PHH2                          00000002
PWM2PHH3                          00000003
PWM2PHH4                          00000004
PWM2PHH5                          00000005
PWM2PHH6                          00000006
PWM2PHH7                          00000007
PWM2PHIE                          00000002
PWM2PHIF                          00000002
PWM2PHL                           00000DA1
PWM2PHL0                          00000000
PWM2PHL1                          00000001
PWM2PHL2                          00000002
PWM2PHL3                          00000003
PWM2PHL4                          00000004
MPASM 5.83  /HOME/JACQUES/MPLABXPROJECTS/BRE   2-26-2019  23:17:23         PAGE 28


SYMBOL TABLE
  LABEL                             VALUE 

PWM2PHL5                          00000005
PWM2PHL6                          00000006
PWM2PHL7                          00000007
PWM2POL                           00000004
PWM2PR                            00000DA5
PWM2PRH                           00000DA6
PWM2PRH0                          00000000
PWM2PRH1                          00000001
PWM2PRH2                          00000002
PWM2PRH3                          00000003
PWM2PRH4                          00000004
PWM2PRH5                          00000005
PWM2PRH6                          00000006
PWM2PRH7                          00000007
PWM2PRIE                          00000000
PWM2PRIF                          00000000
PWM2PRL                           00000DA5
PWM2PRL0                          00000000
PWM2PRL1                          00000001
PWM2PRL2                          00000002
PWM2PRL3                          00000003
PWM2PRL4                          00000004
PWM2PRL5                          00000005
PWM2PRL6                          00000006
PWM2PRL7                          00000007
PWM2PS0                           00000004
PWM2PS1                           00000005
PWM2PS2                           00000006
PWM2TMR                           00000DA9
PWM2TMRH                          00000DAA
PWM2TMRH0                         00000000
PWM2TMRH1                         00000001
PWM2TMRH2                         00000002
PWM2TMRH3                         00000003
PWM2TMRH4                         00000004
PWM2TMRH5                         00000005
PWM2TMRH6                         00000006
PWM2TMRH7                         00000007
PWM2TMRL                          00000DA9
PWM2TMRL0                         00000000
PWM2TMRL1                         00000001
PWM2TMRL2                         00000002
PWM2TMRL3                         00000003
PWM2TMRL4                         00000004
PWM2TMRL5                         00000005
PWM2TMRL6                         00000006
PWM2TMRL7                         00000007
PWM3CLKCON                        00000DBE
PWM3CON                           00000DBB
PWM3CS0                           00000000
PWM3CS1                           00000001
PWM3DC                            00000DB3
PWM3DCH                           00000DB4
MPASM 5.83  /HOME/JACQUES/MPLABXPROJECTS/BRE   2-26-2019  23:17:23         PAGE 29


SYMBOL TABLE
  LABEL                             VALUE 

PWM3DCH0                          00000000
PWM3DCH1                          00000001
PWM3DCH2                          00000002
PWM3DCH3                          00000003
PWM3DCH4                          00000004
PWM3DCH5                          00000005
PWM3DCH6                          00000006
PWM3DCH7                          00000007
PWM3DCIE                          00000001
PWM3DCIF                          00000001
PWM3DCL                           00000DB3
PWM3DCL0                          00000000
PWM3DCL1                          00000001
PWM3DCL2                          00000002
PWM3DCL3                          00000003
PWM3DCL4                          00000004
PWM3DCL5                          00000005
PWM3DCL6                          00000006
PWM3DCL7                          00000007
PWM3EN                            00000007
PWM3EN_A                          00000002
PWM3IE                            00000006
PWM3IF                            00000006
PWM3INTCON                        00000DBC
PWM3INTE                          00000DBC
PWM3INTF                          00000DBD
PWM3INTFLG                        00000DBD
PWM3LD                            00000007
PWM3LDA_A                         00000002
PWM3LDCON                         00000DBF
PWM3LDM                           00000006
PWM3LDS0                          00000000
PWM3LDS1                          00000001
PWM3MODE0                         00000002
PWM3MODE1                         00000003
PWM3OE                            00000006
PWM3OF                            00000DB7
PWM3OFCON                         00000DC0
PWM3OFH                           00000DB8
PWM3OFH0                          00000000
PWM3OFH1                          00000001
PWM3OFH2                          00000002
PWM3OFH3                          00000003
PWM3OFH4                          00000004
PWM3OFH5                          00000005
PWM3OFH6                          00000006
PWM3OFH7                          00000007
PWM3OFIE                          00000003
PWM3OFIF                          00000003
PWM3OFL                           00000DB7
PWM3OFL0                          00000000
PWM3OFL1                          00000001
PWM3OFL2                          00000002
MPASM 5.83  /HOME/JACQUES/MPLABXPROJECTS/BRE   2-26-2019  23:17:23         PAGE 30


SYMBOL TABLE
  LABEL                             VALUE 

PWM3OFL3                          00000003
PWM3OFL4                          00000004
PWM3OFL5                          00000005
PWM3OFL6                          00000006
PWM3OFL7                          00000007
PWM3OFM0                          00000005
PWM3OFM1                          00000006
PWM3OFMC                          00000004
PWM3OFS0                          00000000
PWM3OFS1                          00000001
PWM3OUT                           00000005
PWM3OUT_A                         00000002
PWM3PH                            00000DB1
PWM3PHH                           00000DB2
PWM3PHH0                          00000000
PWM3PHH1                          00000001
PWM3PHH2                          00000002
PWM3PHH3                          00000003
PWM3PHH4                          00000004
PWM3PHH5                          00000005
PWM3PHH6                          00000006
PWM3PHH7                          00000007
PWM3PHIE                          00000002
PWM3PHIF                          00000002
PWM3PHL                           00000DB1
PWM3PHL0                          00000000
PWM3PHL1                          00000001
PWM3PHL2                          00000002
PWM3PHL3                          00000003
PWM3PHL4                          00000004
PWM3PHL5                          00000005
PWM3PHL6                          00000006
PWM3PHL7                          00000007
PWM3POL                           00000004
PWM3PR                            00000DB5
PWM3PRH                           00000DB6
PWM3PRH0                          00000000
PWM3PRH1                          00000001
PWM3PRH2                          00000002
PWM3PRH3                          00000003
PWM3PRH4                          00000004
PWM3PRH5                          00000005
PWM3PRH6                          00000006
PWM3PRH7                          00000007
PWM3PRIE                          00000000
PWM3PRIF                          00000000
PWM3PRL                           00000DB5
PWM3PRL0                          00000000
PWM3PRL1                          00000001
PWM3PRL2                          00000002
PWM3PRL3                          00000003
PWM3PRL4                          00000004
PWM3PRL5                          00000005
MPASM 5.83  /HOME/JACQUES/MPLABXPROJECTS/BRE   2-26-2019  23:17:23         PAGE 31


SYMBOL TABLE
  LABEL                             VALUE 

PWM3PRL6                          00000006
PWM3PRL7                          00000007
PWM3PS0                           00000004
PWM3PS1                           00000005
PWM3PS2                           00000006
PWM3TMR                           00000DB9
PWM3TMRH                          00000DBA
PWM3TMRH0                         00000000
PWM3TMRH1                         00000001
PWM3TMRH2                         00000002
PWM3TMRH3                         00000003
PWM3TMRH4                         00000004
PWM3TMRH5                         00000005
PWM3TMRH6                         00000006
PWM3TMRH7                         00000007
PWM3TMRL                          00000DB9
PWM3TMRL0                         00000000
PWM3TMRL1                         00000001
PWM3TMRL2                         00000002
PWM3TMRL3                         00000003
PWM3TMRL4                         00000004
PWM3TMRL5                         00000005
PWM3TMRL6                         00000006
PWM3TMRL7                         00000007
PWMEN                             00000D8E
PWMLD                             00000D8F
PWMOUT                            00000D90
RA0                               00000000
RA1                               00000001
RA2                               00000002
RA3                               00000003
RA4                               00000004
RA5                               00000005
RCIDL                             00000006
RCIE                              00000005
RCIF                              00000005
RCREG                             00000199
RCSTA                             0000019D
RD                                00000000
RX9                               00000006
RX9D                              00000000
RXDTSEL                           00000007
SBOREN                            00000007
SCKP                              00000004
SCS0                              00000000
SCS1                              00000001
SENDB                             00000003
SLRA0                             00000000
SLRA1                             00000001
SLRA2                             00000002
SLRA4                             00000004
SLRA5                             00000005
SLRCONA                           0000030C
MPASM 5.83  /HOME/JACQUES/MPLABXPROJECTS/BRE   2-26-2019  23:17:23         PAGE 32


SYMBOL TABLE
  LABEL                             VALUE 

SPBRG                             0000019B
SPBRGH                            0000019C
SPBRGL                            0000019B
SPEN                              00000007
SPLLEN                            00000007
SREN                              00000005
START                             00000000
STATUS                            00000003
STATUS_SHAD                       00000FE4
STKOVF                            00000007
STKPTR                            00000FED
STKUNF                            00000006
SWDTEN                            00000000
SYNC                              00000004
SYNC_OUT                          00000002
T0CS                              00000005
T0IE                              00000005
T0IF                              00000002
T0SE                              00000004
T1CKPS0                           00000004
T1CKPS1                           00000005
T1CON                             00000018
T1GCON                            00000019
T1GGO                             00000003
T1GGO_NOT_DONE                    00000003
T1GPOL                            00000006
T1GSEL                            00000003
T1GSPM                            00000004
T1GSS0                            00000000
T1GSS1                            00000001
T1GTM                             00000005
T1GVAL                            00000002
T2CKPS0                           00000000
T2CKPS1                           00000001
T2CON                             0000001C
T2OUTPS0                          00000003
T2OUTPS1                          00000004
T2OUTPS2                          00000005
T2OUTPS3                          00000006
TMR0                              00000015
TMR0CS                            00000005
TMR0IE                            00000005
TMR0IF                            00000002
TMR0SE                            00000004
TMR1                              00000016
TMR1CS0                           00000006
TMR1CS1                           00000007
TMR1GE                            00000007
TMR1GIE                           00000007
TMR1GIF                           00000007
TMR1H                             00000017
TMR1IE                            00000000
TMR1IF                            00000000
MPASM 5.83  /HOME/JACQUES/MPLABXPROJECTS/BRE   2-26-2019  23:17:23         PAGE 33


SYMBOL TABLE
  LABEL                             VALUE 

TMR1L                             00000016
TMR1ON                            00000000
TMR2                              0000001A
TMR2IE                            00000001
TMR2IF                            00000001
TMR2ON                            00000002
TOS                               00000FEE
TOSH                              00000FEF
TOSL                              00000FEE
TRIGSEL0                          00000004
TRIGSEL1                          00000005
TRIGSEL2                          00000006
TRIGSEL3                          00000007
TRISA                             0000008C
TRISA0                            00000000
TRISA1                            00000001
TRISA2                            00000002
TRISA3                            00000003
TRISA4                            00000004
TRISA5                            00000005
TRMT                              00000001
TSEN                              00000005
TSRNG                             00000004
TUN0                              00000000
TUN1                              00000001
TUN2                              00000002
TUN3                              00000003
TUN4                              00000004
TUN5                              00000005
TX9                               00000006
TX9D                              00000000
TXCKSEL                           00000002
TXEN                              00000005
TXIE                              00000004
TXIF                              00000004
TXREG                             0000019A
TXSTA                             0000019E
VIDEO_OUT                         00000004
VREGCON                           00000197
VREGPM                            00000001
VSYNC_PULSE                       00000183
W                                 00000000
WDTCON                            00000097
WDTPS0                            00000001
WDTPS1                            00000002
WDTPS2                            00000003
WDTPS3                            00000004
WDTPS4                            00000005
WHITE                             00000003
WPUA                              0000020C
WPUA0                             00000000
WPUA1                             00000001
WPUA2                             00000002
MPASM 5.83  /HOME/JACQUES/MPLABXPROJECTS/BRE   2-26-2019  23:17:23         PAGE 34


SYMBOL TABLE
  LABEL                             VALUE 

WPUA3                             00000003
WPUA4                             00000004
WPUA5                             00000005
WR                                00000001
WREG                              00000009
WREG_SHAD                         00000FE5
WREN                              00000002
WRERR                             00000003
WUE                               00000001
YELLOW                            00000001
Z                                 00000002
Z_SHAD                            00000002
_BOREN_NSLEEP                     00003DFF
_BOREN_OFF                        000039FF
_BOREN_ON                         00003FFF
_BOREN_SBODEN                     00003BFF
_BORV_19                          00003FFF
_BORV_HI                          00003BFF
_BORV_LO                          00003FFF
_CLKOUTEN_OFF                     00003FFF
_CLKOUTEN_ON                      000037FF
_CONFIG1                          00008007
_CONFIG2                          00008008
_CP_OFF                           00003FFF
_CP_ON                            00003F7F
_DEVID1                           00008006
_FOSC_ECH                         00003FFF
_FOSC_ECL                         00003FFD
_FOSC_ECM                         00003FFE
_FOSC_INTOSC                      00003FFC
_IDLOC0                           00008000
_IDLOC1                           00008001
_IDLOC2                           00008002
_IDLOC3                           00008003
_ISR_005B                         0000005B
_ISR_0060                         00000060
_ISR_0061                         00000061
_ISR_0078                         00000078
_ISR_0083                         00000083
_ISR_008B                         0000008B
_ISR_008E                         0000008E
_ISR_0098                         00000098
_ISR_00A2                         000000A2
_ISR_00A9                         000000A9
_ISR_00AC                         000000AC
_ISR_00B2                         000000B2
_ISR_00B3                         000000B3
_ISR_00B6                         000000B6
_ISR_00BC                         000000BC
_LPBOREN_OFF                      00003FFF
_LPBOREN_ON                       000037FF
_LVP_OFF                          00001FFF
_LVP_ON                           00003FFF
MPASM 5.83  /HOME/JACQUES/MPLABXPROJECTS/BRE   2-26-2019  23:17:23         PAGE 35


SYMBOL TABLE
  LABEL                             VALUE 

_MAIN_PROG_0006                   00000006
_MAIN_PROG_0037                   00000037
_MCLRE_OFF                        00003FBF
_MCLRE_ON                         00003FFF
_PLLEN_OFF                        00003EFF
_PLLEN_ON                         00003FFF
_PWRTE_OFF                        00003FFF
_PWRTE_ON                         00003FDF
_STVREN_OFF                       00003DFF
_STVREN_ON                        00003FFF
_WDTE_NSLEEP                      00003FF7
_WDTE_OFF                         00003FE7
_WDTE_ON                          00003FFF
_WDTE_SWDTEN                      00003FEF
_WRT_ALL                          00003FFC
_WRT_BOOT                         00003FFE
_WRT_HALF                         00003FFD
_WRT_OFF                          00003FFF
__12F1572                         00000001
case                              
even_field                        000000C5
field_end                         000000CF
flags                             00000000
hi_line                           000000BE
isr                               00000004
isr_exit                          000000D4
lcount                            00000001
pe_last                           00000049
post_equalization                 00000036
pre_equalization                  0000000D
q                                 00000001
r                                 00000001
set_pixel                         
set_presync                       00000019
set_vsync                         0000002F
state                             00000003
tdelay                            
try_250                           0000007B
vertical_bars                     00000086
video_lines                       00000059
vsync                             00000023
vsync_completed                   0000004C
vsync_count                       00000002

Errors   :     0
Warnings :     0 reported,     0 suppressed
Messages :    96 reported,     0 suppressed

