MPASM 5.83  /HOME/JACQUES/GITHUB/BREAKOUT_15   2-27-2019  20:25:01         PAGE  1


LOC  OBJECT CODE     LINE SOURCE TEXT
  VALUE

                      00001 
                      00002 
                      00003     include p12f1572.inc
                      00001         LIST
                      00002 
                      00003 ;==========================================================================
                      00004 ; Build date : Jan 21 2019
                      00005 ;  MPASM PIC12F1572 processor include
                      00006 ; 
                      00007 ;  (c) Copyright 1999-2019 Microchip Technology, All rights reserved
                      00008 ;==========================================================================
                      00009 
                      01601         LIST
                      00004     
8007   3FA7           00005     __config _CONFIG1, _FOSC_ECH & _WDTE_OFF  & _MCLRE_OFF
8008   3EFF           00006     __config _CONFIG2, _PLLEN_OFF
                      00007     
                      00008     radix dec
                      00009 
                      00010 ; constants
  00000800            00011 PROG_SIZE equ 2048  ; program words
  00000080            00012 EEPROM_SIZE equ 128 ; high endurance flash words
                      00013  
  00DA79B0            00014 Fosc equ 14318000 ; external oscillator frequency
  00369E6C            00015 Fcy  equ (Fosc/4) ; cpu frequency, machine cycle  T=1/Fcy
                      00016 
                      00017  
                      00018 ; NTSC signal 
  00003D76            00019 Fhorz equ 15734 ; horizontal frequency
  0000038D            00020 HPERIOD equ ((Fosc/Fhorz)-1)  ; horizontal period pwm count(63,55µS)
  00000042            00021 HSYNC  equ 66  ;  (4,7µS) ; horz. sync. pwm pulse count
  00000020            00022 HEQUAL equ 32 ; 2,3µS equalization pwm pulse count
  00000183            00023 VSYNC_PULSE equ 387 ; 27,1µS vertical sync. pwm pulse count
  000001C6            00024 HALF_LINE equ ((Fosc/Fhorz/2)-1) 
                      00025 ; boolean flags 
  00000000            00026 F_HI_LINE equ 0 ; lcount > 255
  00000001            00027 F_EVEN equ 1    ; even field
  00000002            00028 F_START equ 2   ; game started 
  00000003            00029 F_OVER equ 3    ; game over
  00000004            00030 F_SOUND equ 4   ; sound enabled 
  00000005            00031 F_SYNC equ 5    ; vertical synchronization phase
                      00032  
                      00033 ;pins assignment
  00000000            00034 AUDIO EQU RA0
  00000000            00035 PADDLE equ RA0
  00000001            00036 CHROMA equ RA1
  00000002            00037 SYNC_OUT equ RA2
  00000003            00038 START_BTN equ RA3 
  00000004            00039 VIDEO_OUT equ RA4
  00000005            00040 CLKIN equ RA5
                      00041  
                      00042 ;colors
  00000000            00043 BLACK EQU 0
MPASM 5.83  /HOME/JACQUES/GITHUB/BREAKOUT_15   2-27-2019  20:25:01         PAGE  2


LOC  OBJECT CODE     LINE SOURCE TEXT
  VALUE

  00000001            00044 YELLOW EQU 1
  00000002            00045 BLUE EQU 2
  00000003            00046 WHITE EQU 3
  00000004            00047 MAGENTA EQU 4
  00000005            00048 GREEN EQU 5
                      00049 
                      00050 ;;;;;;;;;;;;;;;;;;;;;;
                      00051 ;; assembler macros ;;
                      00052 ;;;;;;;;;;;;;;;;;;;;;;
                      00053 
                      00054 ; leave task 
                      00055 leave macro
                      00056     goto isr_exit
                      00057     endm
                      00058     
                      00059 ; move to next task on slice limit
                      00060 ; parameters:
                      00061 ;   s  nomber of slices used by the task    
                      00062 next_task macro s    
                      00063     incf slice
                      00064     movlw s
                      00065     subwf slice,W
                      00066     skpz
                      00067     leave
                      00068     clrf slice
                      00069     incf task
                      00070     movlw s
                      00071     addwf lcount
                      00072     leave
                      00073     endm
                      00074     
                      00075     
                      00076 ; case switch
                      00077 ; parameters:
                      00078 ;   var is control variable
                      00079 ;   n  is constant to compare to var
                      00080 ;   adr  is goto address if var==n 
                      00081 case macro var, n, adr
                      00082     movlw n
                      00083     subwf var,W
                      00084     skpnz
                      00085     goto adr
                      00086     endm
                      00087 
                      00088 ; delay in machine cycle T
                      00089 ; parameters:
                      00090 ;   T   number of machine cycles    
                      00091 tdelay macro T
                      00092     variable q=(T)/3
                      00093     variable r=(T)%3
                      00094     if (q)
                      00095     movlw q
                      00096     decfsz WREG
MPASM 5.83  /HOME/JACQUES/GITHUB/BREAKOUT_15   2-27-2019  20:25:01         PAGE  3


LOC  OBJECT CODE     LINE SOURCE TEXT
  VALUE

                      00097     goto $-1
                      00098     endif
                      00099     if (r==2)
                      00100     goto $+1
                      00101     endif 
                      00102     if (r==1)
                      00103     nop
                      00104     endif
                      00105     endm
                      00106 
                      00107     
                      00108 set_color macro color
                      00109     if color==BLACK
                      00110     banksel LATA
                      00111     bcf LATA, VIDEO_OUT
                      00112     banksel PWM1CON
                      00113     bcf PWM1CON,OE
                      00114     nop
                      00115     endif  
                      00116     if color==YELLOW
                      00117     banksel LATA
                      00118     bsf LATA,VIDEO_OUT
                      00119     banksel PWM1CON
                      00120     bcf PWM1CON,POL
                      00121     bsf PWM1CON,OE
                      00122     endif
                      00123     if color==BLUE
                      00124     banksel LATA
                      00125     bcf LATA,VIDEO_OUT
                      00126     banksel PWM1CON
                      00127     bsf PWM1CON,POL
                      00128     bsf PWM1CON,OE
                      00129     endif
                      00130     if color==WHITE
                      00131     banksel LATA
                      00132     bsf LATA, VIDEO_OUT
                      00133     banksel PWM1CON
                      00134     bcf PWM1CON,OE
                      00135     nop
                      00136     endif
                      00137     if color==MAGENTA
                      00138     banksel LATA
                      00139     bsf LATA,VIDEO_OUT
                      00140     banksel PWM1CON
                      00141     bsf PWM1CON,POL
                      00142     bsf PWM1CON,OE
                      00143     endif
                      00144     if color==GREEN
                      00145     banksel LATA
                      00146     bcf LATA,VIDEO_OUT
                      00147     banksel PWM1CON
                      00148     bcf PWM1CON,POL
                      00149     bsf PWM1CON,OE
MPASM 5.83  /HOME/JACQUES/GITHUB/BREAKOUT_15   2-27-2019  20:25:01         PAGE  4


LOC  OBJECT CODE     LINE SOURCE TEXT
  VALUE

                      00150     endif
                      00151     endm
                      00152 
                      00153     
                      00154 ; variables
                      00155     udata_shr
0000                  00156 flags  res 1 ; boolean variables
0001                  00157 lcount res 1 ; video field line counter
0002                  00158 slice res 1 ; task slice counter, a task may use more than one slice.
0003                  00159 task res 1 ; where in video phase 
0004                  00160 temp res 1 ; temporary storage
0005                  00161 sound_timer res 1 ; duration in multiple of 16.7msec. 
                      00162  
                      00163 ;; code 
                      00164 RES_VECT  CODE    0x0000            ; processor reset vector
0000   2???           00165     GOTO    START                   ; go to beginning of program
0001   0001           00166     reset
0002   0001           00167     reset
0003   0001           00168     reset
                      00169 
                      00170 ;;;;;;;;;;;;;;;;;;;;;;;;;;;;;;;;;;;;;;;;;;;;;;;;;;;;;;;;;;;;;    
                      00171 ; interrupt service routine triggered by PWM3 period rollover
                      00172 ISR CODE 0x0004
0004                  00173 isr
0004   1A80           00174     btfsc flags, F_SYNC
0005   2???           00175     goto task_switch
                      00176  ; chroma sync
                      00177     tdelay 10
  0003                    M     variable q=(10)/3
  0001                    M     variable r=(10)%3
                          M     if (q)
0006   3003               M     movlw q
Message[305]: Using default destination of 1 (file).
0007   0B89               M     decfsz WREG
0008   2???               M     goto $-1
                          M     endif
                          M     if (r==2)
                          M     goto $+1
                          M     endif 
                          M     if (r==1)
0009   0000               M     nop
                          M     endif
000A   003B           00178     banksel PWM1CON
Message[302]: Register in operand not in bank 0.  Ensure that bank bits are correct.
000B   171B           00179     bsf PWM1CON,OE
                      00180     tdelay 5
  0001                    M     variable q=(5)/3
  0002                    M     variable r=(5)%3
                          M     if (q)
000C   3001               M     movlw q
Message[305]: Using default destination of 1 (file).
000D   0B89               M     decfsz WREG
000E   2???               M     goto $-1
MPASM 5.83  /HOME/JACQUES/GITHUB/BREAKOUT_15   2-27-2019  20:25:01         PAGE  5


LOC  OBJECT CODE     LINE SOURCE TEXT
  VALUE

                          M     endif
                          M     if (r==2)
000F   2???               M     goto $+1
                          M     endif 
                          M     if (r==1)
                          M     nop
                          M     endif
Message[302]: Register in operand not in bank 0.  Ensure that bank bits are correct.
0010   131B           00181     bcf PWM1CON,OE
0011                  00182 task_switch    
0011   018A           00183     clrf PCLATH
0012   08??           00184     movfw task
Message[305]: Using default destination of 1 (file).
0013   0782           00185     addwf PCL
0014   2???           00186     goto pre_vsync ;task 0, vertical pre-equalization pulses, 6 slices
0015   2???           00187     goto vsync ;task 1, vertical sync pulses, 6 slices
0016   2???           00188     goto post_vsync ;task 2, vertical post-equalization pulses, 6 slices
0017   2???           00189     goto vsync_end ;task 3, return to normal video line, 1 slice
0018   2???           00190     goto user_input ;task 4,  read button and paddle, 1 slice
0019   2???           00191     goto sound ;task 5, check sound timer expiration, 1 slice
001A   2???           00192     goto move_ball ;task 6, move recking ball and check collision, etc, 1 slice
001B   2???           00193     goto video_first ; task 7, wait up to lcount==19
001C   2???           00194     goto score ;task 8,  draw score en ball count, 6 slices
001D   2???           00195     goto top_wall ;task 9,  draw top wall, 4 slices
001E   2???           00196     goto draw_void ;task 10 draw void space between top wall and top brick row, 8 slices
001F   2???           00197     goto draw_row1 ;task 11, 4 slices
0020   2???           00198     goto draw_row2 ;task 12, 4 slices
0021   2???           00199     goto draw_row3 ;task 13,  4 slices
0022   2???           00200     goto draw_row4 ;task 14,  4 slices
0023   2???           00201     goto draw_row5 ;task 15, 4 slices
0024   2???           00202     goto draw_empty;task 16, 188 slices
0025   2???           00203     goto paddle_draw ;task 17, 4 slices
0026   2???           00204     goto wait_field_end ;task 18, player used all the available recking balls, 12/13 slices
0027   0001           00205     reset ; error trap, task out of range
0028                  00206 isr_exit  
0028   003B           00207     banksel PWM3INTF
Message[302]: Register in operand not in bank 0.  Ensure that bank bits are correct.
0029   103D           00208     bcf PWM3INTF,PRIF
002A   0009           00209     retfie
                      00210 
                      00211 ;;;;;;;;;;;;;;;;;;;;;;;;;;;;;;;;;;;;;;;;;;;;
                      00212 ;;  all tasks routine are here            ;;
                      00213 ;;  each must be terminate by leave macro ;;    
                      00214 ;;;;;;;;;;;;;;;;;;;;;;;;;;;;;;;;;;;;;;;;;;;;
                      00215     
                      00216 ; task 0, vertical synchronization pre equalization
002B                  00217 pre_vsync
002B   08??           00218     movfw slice
002C   1903           00219     skpnz
002D   2???           00220     goto set_presync
                      00221     next_task 6
Message[305]: Using default destination of 1 (file).
002E   0A??               M     incf slice
MPASM 5.83  /HOME/JACQUES/GITHUB/BREAKOUT_15   2-27-2019  20:25:01         PAGE  6


LOC  OBJECT CODE     LINE SOURCE TEXT
  VALUE

002F   3006               M     movlw 6
0030   02??               M     subwf slice,W
0031   1D03               M     skpz
                          M     leave
0032   2???               M     goto isr_exit
0033   01??               M     clrf slice
Message[305]: Using default destination of 1 (file).
0034   0A??               M     incf task
0035   3006               M     movlw 6
Message[305]: Using default destination of 1 (file).
0036   07??               M     addwf lcount
                          M     leave
0037   2???               M     goto isr_exit
0038                  00222 set_presync    
0038   003B           00223     banksel PWM3DC
0039   3020           00224     movlw HEQUAL
Message[302]: Register in operand not in bank 0.  Ensure that bank bits are correct.
003A   00B3           00225     movwf PWM3DCL
Message[302]: Register in operand not in bank 0.  Ensure that bank bits are correct.
003B   01B4           00226     clrf PWM3DCH
003C   3001           00227     movlw high HALF_LINE
Message[302]: Register in operand not in bank 0.  Ensure that bank bits are correct.
003D   00B6           00228     movwf PWM3PRH
003E   30C6           00229     movlw low HALF_LINE
Message[302]: Register in operand not in bank 0.  Ensure that bank bits are correct.
003F   00B5           00230     movwf PWM3PRL
Message[302]: Register in operand not in bank 0.  Ensure that bank bits are correct.
0040   17BF           00231     bsf PWM3LDCON,7
Message[305]: Using default destination of 1 (file).
0041   0A??           00232     incf slice
                      00233     leave
0042   2???               M     goto isr_exit
                      00234     
                      00235 ; task 1, vertical synchronization pulses
0043                  00236 vsync 
0043   08??           00237     movfw slice
0044   1903           00238     skpnz
0045   2???           00239     goto set_vsync
                      00240     next_task 6
Message[305]: Using default destination of 1 (file).
0046   0A??               M     incf slice
0047   3006               M     movlw 6
0048   02??               M     subwf slice,W
0049   1D03               M     skpz
                          M     leave
004A   2???               M     goto isr_exit
004B   01??               M     clrf slice
Message[305]: Using default destination of 1 (file).
004C   0A??               M     incf task
004D   3006               M     movlw 6
Message[305]: Using default destination of 1 (file).
004E   07??               M     addwf lcount
                          M     leave
MPASM 5.83  /HOME/JACQUES/GITHUB/BREAKOUT_15   2-27-2019  20:25:01         PAGE  7


LOC  OBJECT CODE     LINE SOURCE TEXT
  VALUE

004F   2???               M     goto isr_exit
0050                  00241 set_vsync
0050   003B           00242     banksel PWM3DC
0051   3083           00243     movlw low VSYNC_PULSE
Message[302]: Register in operand not in bank 0.  Ensure that bank bits are correct.
0052   00B3           00244     movwf PWM3DCL
0053   3001           00245     movlw high VSYNC_PULSE
Message[302]: Register in operand not in bank 0.  Ensure that bank bits are correct.
0054   00B4           00246     movwf PWM3DCH
Message[302]: Register in operand not in bank 0.  Ensure that bank bits are correct.
0055   17BF           00247     bsf PWM3LDCON,7
Message[305]: Using default destination of 1 (file).
0056   0A??           00248     incf slice
                      00249     leave
0057   2???               M     goto isr_exit
                      00250     
                      00251 ; task 2, vertical synchronisation post equalization pulses
0058                  00252 post_vsync
Message[305]: Using default destination of 1 (file).
0058   0A??           00253     incf slice
0059   08??           00254     movfw slice
Message[305]: Using default destination of 1 (file).
005A   0782           00255     addwf PCL
005B   0000           00256     nop
005C   2???           00257     goto set_presync
                      00258     leave
005D   2???               M     goto isr_exit
                      00259     leave
005E   2???               M     goto isr_exit
                      00260     leave
005F   2???               M     goto isr_exit
                      00261     leave
0060   2???               M     goto isr_exit
0061   1880           00262     btfsc flags, F_EVEN
0062   2???           00263     goto pe_last
                      00264 ; last sync line of odd field is full line    
0063   003B           00265     banksel PWM3DC
0064   3003           00266     movlw high HPERIOD
0065   3003           00267     movlw high HPERIOD
Message[302]: Register in operand not in bank 0.  Ensure that bank bits are correct.
0066   00B6           00268     movwf PWM3PRH
0067   308D           00269     movlw low HPERIOD
Message[302]: Register in operand not in bank 0.  Ensure that bank bits are correct.
0068   00B5           00270     movwf PWM3PRL
Message[302]: Register in operand not in bank 0.  Ensure that bank bits are correct.
0069   17BF           00271     bsf PWM3LDCON,7
006A   3009           00272     movlw 9
006B   00??           00273     movwf lcount
006C   1280           00274     bcf flags, F_SYNC
Message[305]: Using default destination of 1 (file).
006D   0A??           00275     incf task
006E                  00276 pe_last
006E   01??           00277     clrf slice
MPASM 5.83  /HOME/JACQUES/GITHUB/BREAKOUT_15   2-27-2019  20:25:01         PAGE  8


LOC  OBJECT CODE     LINE SOURCE TEXT
  VALUE

Message[305]: Using default destination of 1 (file).
006F   0A??           00278     incf task
                      00279     leave
0070   2???               M     goto isr_exit
                      00280     
                      00281 ; task 3, vertical synchronization completed, return to normal line
0071                  00282 vsync_end
0071   1280           00283     bcf flags, F_SYNC
0072   003B           00284     banksel PWM3DC
0073   3042           00285     movlw HSYNC
Message[302]: Register in operand not in bank 0.  Ensure that bank bits are correct.
0074   00B3           00286     movwf PWM3DCL
Message[302]: Register in operand not in bank 0.  Ensure that bank bits are correct.
0075   01B4           00287     clrf PWM3DCH
0076   3003           00288     movlw high HPERIOD
Message[302]: Register in operand not in bank 0.  Ensure that bank bits are correct.
0077   00B6           00289     movwf PWM3PRH
0078   308D           00290     movlw low HPERIOD
Message[302]: Register in operand not in bank 0.  Ensure that bank bits are correct.
0079   00B5           00291     movwf PWM3PRL
Message[302]: Register in operand not in bank 0.  Ensure that bank bits are correct.
007A   17BF           00292     bsf PWM3LDCON,7
Message[305]: Using default destination of 1 (file).
007B   0A??           00293     incf task
007C   3009           00294     movlw 9
007D   00??           00295     movwf lcount
                      00296     leave
007E   2???               M     goto isr_exit
                      00297     
                      00298 ;task 4, read button and paddle position
007F                  00299 user_input
Message[305]: Using default destination of 1 (file).
007F   0A??           00300     incf task
Message[305]: Using default destination of 1 (file).
0080   0A??           00301     incf lcount
0081   1900           00302     btfsc flags, F_START
0082   2???           00303     goto read_paddle
                      00304 ; read start button
0083   0022           00305     banksel LATA
Message[302]: Register in operand not in bank 0.  Ensure that bank bits are correct.
0084   1D8C           00306     btfss LATA,START_BTN
0085   1500           00307     bsf flags, F_START
                      00308     leave
0086   2???               M     goto isr_exit
0087                  00309 read_paddle
0087   0021           00310     banksel TRISA
Message[302]: Register in operand not in bank 0.  Ensure that bank bits are correct.
0088   140C           00311     bsf TRISA, PADDLE
0089   0021           00312     banksel ADCON0
008A   3003           00313     movlw 3
Message[302]: Register in operand not in bank 0.  Ensure that bank bits are correct.
008B   009D           00314     movwf ADCON0
Message[302]: Register in operand not in bank 0.  Ensure that bank bits are correct.
MPASM 5.83  /HOME/JACQUES/GITHUB/BREAKOUT_15   2-27-2019  20:25:01         PAGE  9


LOC  OBJECT CODE     LINE SOURCE TEXT
  VALUE

008C   189D           00315     btfsc ADCON0,NOT_DONE
008D   2???           00316     goto $-1
Message[302]: Register in operand not in bank 0.  Ensure that bank bits are correct.
008E   101D           00317     bcf ADCON0,ADON
008F   0021           00318     banksel TRISA
Message[302]: Register in operand not in bank 0.  Ensure that bank bits are correct.
0090   100C           00319     bcf TRISA, AUDIO
                      00320     leave
0091   2???               M     goto isr_exit
                      00321 
                      00322 ; task 5,  sound timer
0092                  00323 sound
Message[305]: Using default destination of 1 (file).
0092   0A??           00324     incf task
Message[305]: Using default destination of 1 (file).
0093   0A??           00325     incf lcount
0094   1E00           00326     btfss flags, F_SOUND
                      00327     leave
0095   2???               M     goto isr_exit
Message[305]: Using default destination of 1 (file).
0096   0B??           00328     decfsz sound_timer
                      00329     leave
0097   2???               M     goto isr_exit
0098   003B           00330     banksel PWM2CON
Message[302]: Register in operand not in bank 0.  Ensure that bank bits are correct.
0099   132B           00331     bcf PWM2CON,OE
Message[302]: Register in operand not in bank 0.  Ensure that bank bits are correct.
009A   13AB           00332     bcf PWM2CON,EN
                      00333     leave
009B   2???               M     goto isr_exit
                      00334 
                      00335    
                      00336 ; task 6, move recking ball and check collision    
009C                  00337 move_ball
Message[305]: Using default destination of 1 (file).
009C   0A??           00338     incf task
Message[305]: Using default destination of 1 (file).
009D   0A??           00339     incf lcount
                      00340     leave
009E   2???               M     goto isr_exit
                      00341 
                      00342     
                      00343 ; task 7, increment lcount up to 19
009F                  00344 video_first
Message[305]: Using default destination of 1 (file).
009F   0A??           00345     incf lcount
00A0   3014           00346     movlw 20
00A1   02??           00347     subwf lcount,W
00A2   1D03           00348     skpz
                      00349     leave
00A3   2???               M     goto isr_exit
00A4   01??           00350     clrf slice
Message[305]: Using default destination of 1 (file).
MPASM 5.83  /HOME/JACQUES/GITHUB/BREAKOUT_15   2-27-2019  20:25:01         PAGE 10


LOC  OBJECT CODE     LINE SOURCE TEXT
  VALUE

00A5   0A??           00351     incf task
                      00352     leave
00A6   2???               M     goto isr_exit
                      00353     
                      00354 ; task 8, draw score en ball count, 6 slices    
00A7                  00355 score
                      00356     
00A7                  00357 score_exit
                      00358     next_task 6
Message[305]: Using default destination of 1 (file).
00A7   0A??               M     incf slice
00A8   3006               M     movlw 6
00A9   02??               M     subwf slice,W
00AA   1D03               M     skpz
                          M     leave
00AB   2???               M     goto isr_exit
00AC   01??               M     clrf slice
Message[305]: Using default destination of 1 (file).
00AD   0A??               M     incf task
00AE   3006               M     movlw 6
Message[305]: Using default destination of 1 (file).
00AF   07??               M     addwf lcount
                          M     leave
00B0   2???               M     goto isr_exit
                      00359     
                      00360 ; task 9,  draw top wall, 4 slices    
00B1                  00361 top_wall
                      00362     set_color WHITE
                          M     if WHITE==BLACK
                          M     banksel LATA
                          M     bcf LATA, VIDEO_OUT
                          M     banksel PWM1CON
                          M     bcf PWM1CON,OE
                          M     nop
                          M     endif  
                          M     if WHITE==YELLOW
                          M     banksel LATA
                          M     bsf LATA,VIDEO_OUT
                          M     banksel PWM1CON
                          M     bcf PWM1CON,POL
                          M     bsf PWM1CON,OE
                          M     endif
                          M     if WHITE==BLUE
                          M     banksel LATA
                          M     bcf LATA,VIDEO_OUT
                          M     banksel PWM1CON
                          M     bsf PWM1CON,POL
                          M     bsf PWM1CON,OE
                          M     endif
                          M     if WHITE==WHITE
00B1   0022               M     banksel LATA
Message[302]: Register in operand not in bank 0.  Ensure that bank bits are correct.
00B2   160C               M     bsf LATA, VIDEO_OUT
MPASM 5.83  /HOME/JACQUES/GITHUB/BREAKOUT_15   2-27-2019  20:25:01         PAGE 11


LOC  OBJECT CODE     LINE SOURCE TEXT
  VALUE

00B3   003B               M     banksel PWM1CON
Message[302]: Register in operand not in bank 0.  Ensure that bank bits are correct.
00B4   131B               M     bcf PWM1CON,OE
00B5   0000               M     nop
                          M     endif
                          M     if WHITE==MAGENTA
                          M     banksel LATA
                          M     bsf LATA,VIDEO_OUT
                          M     banksel PWM1CON
                          M     bsf PWM1CON,POL
                          M     bsf PWM1CON,OE
                          M     endif
                          M     if WHITE==GREEN
                          M     banksel LATA
                          M     bcf LATA,VIDEO_OUT
                          M     banksel PWM1CON
                          M     bcf PWM1CON,POL
                          M     bsf PWM1CON,OE
                          M     endif
                      00363     tdelay 56
  0012                    M     variable q=(56)/3
  0002                    M     variable r=(56)%3
                          M     if (q)
00B6   3012               M     movlw q
Message[305]: Using default destination of 1 (file).
00B7   0B89               M     decfsz WREG
00B8   2???               M     goto $-1
                          M     endif
                          M     if (r==2)
00B9   2???               M     goto $+1
                          M     endif 
                          M     if (r==1)
                          M     nop
                          M     endif
                      00364     set_color BLACK
                          M     if BLACK==BLACK
00BA   0022               M     banksel LATA
Message[302]: Register in operand not in bank 0.  Ensure that bank bits are correct.
00BB   120C               M     bcf LATA, VIDEO_OUT
00BC   003B               M     banksel PWM1CON
Message[302]: Register in operand not in bank 0.  Ensure that bank bits are correct.
00BD   131B               M     bcf PWM1CON,OE
00BE   0000               M     nop
                          M     endif  
                          M     if BLACK==YELLOW
                          M     banksel LATA
                          M     bsf LATA,VIDEO_OUT
                          M     banksel PWM1CON
                          M     bcf PWM1CON,POL
                          M     bsf PWM1CON,OE
                          M     endif
                          M     if BLACK==BLUE
                          M     banksel LATA
MPASM 5.83  /HOME/JACQUES/GITHUB/BREAKOUT_15   2-27-2019  20:25:01         PAGE 12


LOC  OBJECT CODE     LINE SOURCE TEXT
  VALUE

                          M     bcf LATA,VIDEO_OUT
                          M     banksel PWM1CON
                          M     bsf PWM1CON,POL
                          M     bsf PWM1CON,OE
                          M     endif
                          M     if BLACK==WHITE
                          M     banksel LATA
                          M     bsf LATA, VIDEO_OUT
                          M     banksel PWM1CON
                          M     bcf PWM1CON,OE
                          M     nop
                          M     endif
                          M     if BLACK==MAGENTA
                          M     banksel LATA
                          M     bsf LATA,VIDEO_OUT
                          M     banksel PWM1CON
                          M     bsf PWM1CON,POL
                          M     bsf PWM1CON,OE
                          M     endif
                          M     if BLACK==GREEN
                          M     banksel LATA
                          M     bcf LATA,VIDEO_OUT
                          M     banksel PWM1CON
                          M     bcf PWM1CON,POL
                          M     bsf PWM1CON,OE
                          M     endif
00BF                  00365 top_wall_exit
                      00366     next_task 4
Message[305]: Using default destination of 1 (file).
00BF   0A??               M     incf slice
00C0   3004               M     movlw 4
00C1   02??               M     subwf slice,W
00C2   1D03               M     skpz
                          M     leave
00C3   2???               M     goto isr_exit
00C4   01??               M     clrf slice
Message[305]: Using default destination of 1 (file).
00C5   0A??               M     incf task
00C6   3004               M     movlw 4
Message[305]: Using default destination of 1 (file).
00C7   07??               M     addwf lcount
                          M     leave
00C8   2???               M     goto isr_exit
                      00367 
                      00368 ; task 9,  draw void space between top wall and top brick row, 8 slices    
00C9                  00369 draw_void
                      00370     next_task 8
Message[305]: Using default destination of 1 (file).
00C9   0A??               M     incf slice
00CA   3008               M     movlw 8
00CB   02??               M     subwf slice,W
00CC   1D03               M     skpz
                          M     leave
MPASM 5.83  /HOME/JACQUES/GITHUB/BREAKOUT_15   2-27-2019  20:25:01         PAGE 13


LOC  OBJECT CODE     LINE SOURCE TEXT
  VALUE

00CD   2???               M     goto isr_exit
00CE   01??               M     clrf slice
Message[305]: Using default destination of 1 (file).
00CF   0A??               M     incf task
00D0   3008               M     movlw 8
Message[305]: Using default destination of 1 (file).
00D1   07??               M     addwf lcount
                          M     leave
00D2   2???               M     goto isr_exit
                      00371 
                      00372 ; task 10, draw top brick row
00D3                  00373 draw_row1
                      00374     next_task 4
Message[305]: Using default destination of 1 (file).
00D3   0A??               M     incf slice
00D4   3004               M     movlw 4
00D5   02??               M     subwf slice,W
00D6   1D03               M     skpz
                          M     leave
00D7   2???               M     goto isr_exit
00D8   01??               M     clrf slice
Message[305]: Using default destination of 1 (file).
00D9   0A??               M     incf task
00DA   3004               M     movlw 4
Message[305]: Using default destination of 1 (file).
00DB   07??               M     addwf lcount
                          M     leave
00DC   2???               M     goto isr_exit
                      00375     
                      00376 ; task 11, draw 2nd brick row    
00DD                  00377 draw_row2
                      00378     next_task 4
Message[305]: Using default destination of 1 (file).
00DD   0A??               M     incf slice
00DE   3004               M     movlw 4
00DF   02??               M     subwf slice,W
00E0   1D03               M     skpz
                          M     leave
00E1   2???               M     goto isr_exit
00E2   01??               M     clrf slice
Message[305]: Using default destination of 1 (file).
00E3   0A??               M     incf task
00E4   3004               M     movlw 4
Message[305]: Using default destination of 1 (file).
00E5   07??               M     addwf lcount
                          M     leave
00E6   2???               M     goto isr_exit
                      00379 
                      00380 ; task 12, draw 3rd brick row    
00E7                  00381 draw_row3
                      00382     next_task 4
Message[305]: Using default destination of 1 (file).
00E7   0A??               M     incf slice
MPASM 5.83  /HOME/JACQUES/GITHUB/BREAKOUT_15   2-27-2019  20:25:01         PAGE 14


LOC  OBJECT CODE     LINE SOURCE TEXT
  VALUE

00E8   3004               M     movlw 4
00E9   02??               M     subwf slice,W
00EA   1D03               M     skpz
                          M     leave
00EB   2???               M     goto isr_exit
00EC   01??               M     clrf slice
Message[305]: Using default destination of 1 (file).
00ED   0A??               M     incf task
00EE   3004               M     movlw 4
Message[305]: Using default destination of 1 (file).
00EF   07??               M     addwf lcount
                          M     leave
00F0   2???               M     goto isr_exit
                      00383     
                      00384 ; task 13, draw 4th brick row    
00F1                  00385 draw_row4
                      00386     next_task 4
Message[305]: Using default destination of 1 (file).
00F1   0A??               M     incf slice
00F2   3004               M     movlw 4
00F3   02??               M     subwf slice,W
00F4   1D03               M     skpz
                          M     leave
00F5   2???               M     goto isr_exit
00F6   01??               M     clrf slice
Message[305]: Using default destination of 1 (file).
00F7   0A??               M     incf task
00F8   3004               M     movlw 4
Message[305]: Using default destination of 1 (file).
00F9   07??               M     addwf lcount
                          M     leave
00FA   2???               M     goto isr_exit
                      00387 
                      00388 ; task 14, draw 5th brick row    
00FB                  00389 draw_row5
                      00390     next_task 4
Message[305]: Using default destination of 1 (file).
00FB   0A??               M     incf slice
00FC   3004               M     movlw 4
00FD   02??               M     subwf slice,W
00FE   1D03               M     skpz
                          M     leave
00FF   2???               M     goto isr_exit
0100   01??               M     clrf slice
Message[305]: Using default destination of 1 (file).
0101   0A??               M     incf task
0102   3004               M     movlw 4
Message[305]: Using default destination of 1 (file).
0103   07??               M     addwf lcount
                          M     leave
0104   2???               M     goto isr_exit
                      00391 
                      00392 ; task 15,draw all rows between paddle and lower brick row    
MPASM 5.83  /HOME/JACQUES/GITHUB/BREAKOUT_15   2-27-2019  20:25:01         PAGE 15


LOC  OBJECT CODE     LINE SOURCE TEXT
  VALUE

0105                  00393 draw_empty
                      00394     next_task 188
Message[305]: Using default destination of 1 (file).
0105   0A??               M     incf slice
0106   30BC               M     movlw 188
0107   02??               M     subwf slice,W
0108   1D03               M     skpz
                          M     leave
0109   2???               M     goto isr_exit
010A   01??               M     clrf slice
Message[305]: Using default destination of 1 (file).
010B   0A??               M     incf task
010C   30BC               M     movlw 188
Message[305]: Using default destination of 1 (file).
010D   07??               M     addwf lcount
                          M     leave
010E   2???               M     goto isr_exit
                      00395     
                      00396 ; task 16, draw paddle at bottom screen    
010F                  00397 paddle_draw
                      00398     next_task 4
Message[305]: Using default destination of 1 (file).
010F   0A??               M     incf slice
0110   3004               M     movlw 4
0111   02??               M     subwf slice,W
0112   1D03               M     skpz
                          M     leave
0113   2???               M     goto isr_exit
0114   01??               M     clrf slice
Message[305]: Using default destination of 1 (file).
0115   0A??               M     incf task
0116   3004               M     movlw 4
Message[305]: Using default destination of 1 (file).
0117   07??               M     addwf lcount
                          M     leave
0118   2???               M     goto isr_exit
                      00399 
                      00400 ; task 17,  wait end of this field, reset task to zero    
0119                  00401 wait_field_end
Message[305]: Using default destination of 1 (file).
0119   0A??           00402     incf lcount
011A   1903           00403     skpnz
011B   1400           00404     bsf flags, F_HI_LINE
011C   1800           00405     btfsc flags, F_HI_LINE
011D   2???           00406     goto hi_line
                      00407     leave
011E   2???               M     goto isr_exit
011F                  00408 hi_line
011F   1880           00409     btfsc flags,F_EVEN
0120   2???           00410     goto even_field
0121   3005           00411     movlw 5
0122   02??           00412     subwf lcount,W
0123   1D03           00413     skpz
MPASM 5.83  /HOME/JACQUES/GITHUB/BREAKOUT_15   2-27-2019  20:25:01         PAGE 16


LOC  OBJECT CODE     LINE SOURCE TEXT
  VALUE

                      00414     leave
0124   2???               M     goto isr_exit
0125   2???           00415     goto field_end
0126                  00416 even_field
0126   3006           00417     movlw 6
0127   02??           00418     subwf lcount,W
0128   1D03           00419     skpz
                      00420     leave
0129   2???               M     goto isr_exit
                      00421 ; even field last line is half_line    
                      00422 ; set PWM3 for line 263 half-line
012A   003B           00423     banksel PWM3DC
012B   3001           00424     movlw high HALF_LINE
Message[302]: Register in operand not in bank 0.  Ensure that bank bits are correct.
012C   00B6           00425     movwf PWM3PRH
012D   30C6           00426     movlw low HALF_LINE
Message[302]: Register in operand not in bank 0.  Ensure that bank bits are correct.
012E   00B5           00427     movwf PWM3PRL
Message[302]: Register in operand not in bank 0.  Ensure that bank bits are correct.
012F   17BF           00428     bsf PWM3LDCON,7
0130                  00429 field_end
0130   01??           00430     clrf task
0131   01??           00431     clrf slice
0132   01??           00432     clrf lcount
0133   1000           00433     bcf flags, F_HI_LINE
0134   1680           00434     bsf flags, F_SYNC
                      00435 ; toggle odd/even field flag    
0135   3002           00436     movlw 1<<F_EVEN
Message[305]: Using default destination of 1 (file).
0136   06??           00437     xorwf flags
                      00438     leave
0137   2???               M     goto isr_exit
                      00439     
                      00440 MAIN_PROG CODE                      ; let linker place main program
                      00441 
0000                  00442 START
                      00443 ; reset common ram 0x70-0x7f
0000   3070           00444     movlw 0x70
0001   0084           00445     movwf FSR0L
0002   0185           00446     clrf FSR0H
0003   0180           00447     clrf INDF0
Message[305]: Using default destination of 1 (file).
0004   0A84           00448     incf FSR0L
0005   1F84           00449     btfss FSR0L,7
0006   2???           00450     goto $-3
                      00451 ; disable analog inputs, except AN0
0007   0023           00452     banksel ANSELA
Message[302]: Register in operand not in bank 0.  Ensure that bank bits are correct.
0008   018C           00453     clrf ANSELA
                      00454 ; paddle potentiometer input     
Message[302]: Register in operand not in bank 0.  Ensure that bank bits are correct.
0009   140C           00455     bsf ANSELA,PADDLE
000A   0021           00456     banksel ADCON1
MPASM 5.83  /HOME/JACQUES/GITHUB/BREAKOUT_15   2-27-2019  20:25:01         PAGE 17


LOC  OBJECT CODE     LINE SOURCE TEXT
  VALUE

000B   3020           00457     movlw (2<<ADCS0)
Message[302]: Register in operand not in bank 0.  Ensure that bank bits are correct.
000C   009E           00458     movwf ADCON1
                      00459 ; pin setup   
000D   0021           00460     banksel TRISA
Message[302]: Register in operand not in bank 0.  Ensure that bank bits are correct.
000E   108C           00461     bcf TRISA,CHROMA
Message[302]: Register in operand not in bank 0.  Ensure that bank bits are correct.
000F   110C           00462     bcf TRISA,SYNC_OUT
Message[302]: Register in operand not in bank 0.  Ensure that bank bits are correct.
0010   120C           00463     bcf TRISA,VIDEO_OUT
0011   0022           00464     banksel LATA
Message[302]: Register in operand not in bank 0.  Ensure that bank bits are correct.
0012   120C           00465     bcf LATA, VIDEO_OUT
Message[302]: Register in operand not in bank 0.  Ensure that bank bits are correct.
0013   150C           00466     bsf LATA, SYNC_OUT
                      00467 ; PWM1 chroma signal on RA1
0014   003B           00468     banksel PWM1CON
Message[302]: Register in operand not in bank 0.  Ensure that bank bits are correct.
0015   019F           00469     clrf PWM1LDCON
Message[302]: Register in operand not in bank 0.  Ensure that bank bits are correct.
0016   0191           00470     clrf PWM1PHL
Message[302]: Register in operand not in bank 0.  Ensure that bank bits are correct.
0017   0192           00471     clrf PWM1PHH
Message[302]: Register in operand not in bank 0.  Ensure that bank bits are correct.
0018   0197           00472     clrf PWM1OFL
Message[302]: Register in operand not in bank 0.  Ensure that bank bits are correct.
0019   0198           00473     clrf PWM1OFH
Message[302]: Register in operand not in bank 0.  Ensure that bank bits are correct.
001A   0196           00474     clrf PWM1PRH
001B   3003           00475     movlw 3
Message[302]: Register in operand not in bank 0.  Ensure that bank bits are correct.
001C   0095           00476     movwf PWM1PRL
001D   3002           00477     movlw 2
Message[302]: Register in operand not in bank 0.  Ensure that bank bits are correct.
001E   0093           00478     movwf PWM1DCL
Message[302]: Register in operand not in bank 0.  Ensure that bank bits are correct.
001F   0194           00479     clrf PWM1DCH
Message[302]: Register in operand not in bank 0.  Ensure that bank bits are correct.
0020   179F           00480     bsf PWM1LDCON,7
0021   3080           00481     movlw (1<<EN)
Message[302]: Register in operand not in bank 0.  Ensure that bank bits are correct.
0022   009B           00482     movwf PWM1CON
                      00483 ; PWM3 set to horizontal period 15734 hertz, output on RA2
0023   003B           00484     banksel PWM3CON
Message[302]: Register in operand not in bank 0.  Ensure that bank bits are correct.
0024   01BF           00485     clrf PWM3LDCON
Message[302]: Register in operand not in bank 0.  Ensure that bank bits are correct.
0025   01B1           00486     clrf PWM3PHL
Message[302]: Register in operand not in bank 0.  Ensure that bank bits are correct.
0026   01B2           00487     clrf PWM3PHH
Message[302]: Register in operand not in bank 0.  Ensure that bank bits are correct.
0027   01B7           00488     clrf PWM3OFL
MPASM 5.83  /HOME/JACQUES/GITHUB/BREAKOUT_15   2-27-2019  20:25:01         PAGE 18


LOC  OBJECT CODE     LINE SOURCE TEXT
  VALUE

Message[302]: Register in operand not in bank 0.  Ensure that bank bits are correct.
0028   01B8           00489     clrf PWM3OFH
0029   308D           00490     movlw low HPERIOD
Message[302]: Register in operand not in bank 0.  Ensure that bank bits are correct.
002A   00B5           00491     movwf PWM3PRL
002B   3003           00492     movlw high HPERIOD
Message[302]: Register in operand not in bank 0.  Ensure that bank bits are correct.
002C   00B6           00493     movwf PWM3PRH
002D   3042           00494     movlw HSYNC
Message[302]: Register in operand not in bank 0.  Ensure that bank bits are correct.
002E   00B3           00495     movwf PWM3DCL
Message[302]: Register in operand not in bank 0.  Ensure that bank bits are correct.
002F   01B4           00496     clrf PWM3DCH
0030   30D0           00497     movlw (1<<EN)|(1<<OE)|(1<<POL)
Message[302]: Register in operand not in bank 0.  Ensure that bank bits are correct.
0031   00BB           00498     movwf PWM3CON
Message[302]: Register in operand not in bank 0.  Ensure that bank bits are correct.
0032   17BF           00499     bsf PWM3LDCON,7
Message[302]: Register in operand not in bank 0.  Ensure that bank bits are correct.
0033   143C           00500     bsf PWM3INTE,PRIE
0034   0020           00501     banksel PIR3
0035   1313           00502     bcf PIR3,PWM3IF
0036   0021           00503     banksel PIE3
Message[302]: Register in operand not in bank 0.  Ensure that bank bits are correct.
0037   1713           00504     bsf PIE3,PWM3IE
0038   170B           00505     bsf INTCON,PEIE
0039   178B           00506     bsf INTCON,GIE
003A   1480           00507     bsf flags, F_EVEN
003B   1680           00508     bsf flags, F_SYNC
                      00509     
                      00510  ; all processing done in ISR    
003C   2???           00511     goto $
                      00512 
                      00513 ; delay for each position    
                      00514 ; there is 18 horizontal position
  00000004            00515 PIXEL_DLY equ 4
003D                  00516 delay_table
003D   00??           00517     movwf temp
003E   30??           00518     movlw high delay_table
003F   008A           00519     movwf PCLATH
0040   08??           00520     movfw temp
Message[305]: Using default destination of 1 (file).
0041   0782           00521     addwf PCL
0042   3400           00522     dt 0*PIXEL_DLY
0043   3404           00523     dt 1*PIXEL_DLY
0044   3408           00524     dt 2*PIXEL_DLY
0045   340C           00525     dt 3*PIXEL_DLY
0046   3410           00526     dt 4*PIXEL_DLY
0047   3414           00527     dt 5*PIXEL_DLY
0048   3418           00528     dt 6*PIXEL_DLY
0049   341C           00529     dt 7*PIXEL_DLY
004A   3420           00530     dt 8*PIXEL_DLY
004B   3424           00531     dt 9*PIXEL_DLY
MPASM 5.83  /HOME/JACQUES/GITHUB/BREAKOUT_15   2-27-2019  20:25:01         PAGE 19


LOC  OBJECT CODE     LINE SOURCE TEXT
  VALUE

004C   3428           00532     dt 10*PIXEL_DLY
004D   342C           00533     dt 11*PIXEL_DLY
004E   3430           00534     dt 12*PIXEL_DLY
004F   3434           00535     dt 13*PIXEL_DLY
0050   3438           00536     dt 14*PIXEL_DLY
0051   343C           00537     dt 15*PIXEL_DLY
0052   3440           00538     dt 16*PIXEL_DLY
0053   3444           00539     dt 17*PIXEL_DLY
                      00540     
                      00541 eeprom org (PROG_SIZE-EEPROM_SIZE)
0780                  00542 max_score 
                      00543  
3FA7 3EFF             00544     END
MPASM 5.83  /HOME/JACQUES/GITHUB/BREAKOUT_15   2-27-2019  20:25:01         PAGE 20


SYMBOL TABLE
  LABEL                             VALUE 

ABDEN                             00000000
ABDOVF                            00000007
ADCON0                            0000009D
ADCON1                            0000009E
ADCON2                            0000009F
ADCS0                             00000004
ADCS1                             00000005
ADCS2                             00000006
ADDEN                             00000003
ADFM                              00000007
ADFVR0                            00000000
ADFVR1                            00000001
ADGO                              00000001
ADIE                              00000006
ADIF                              00000006
ADON                              00000000
ADPREF0                           00000000
ADPREF1                           00000001
ADRES                             0000009B
ADRESH                            0000009C
ADRESL                            0000009B
ANSA0                             00000000
ANSA1                             00000001
ANSA2                             00000002
ANSA4                             00000004
ANSELA                            0000018C
APFCON                            0000011D
APFCON0                           0000011D
AUDIO                             00000000
BAUDCON                           0000019F
BLACK                             00000000
BLUE                              00000002
BORCON                            00000116
BORFS                             00000006
BORRDY                            00000000
BRG16                             00000003
BRGH                              00000002
BSR                               00000008
BSR0                              00000000
BSR1                              00000001
BSR2                              00000002
BSR3                              00000003
BSR4                              00000004
BSR_SHAD                          00000FE6
C                                 00000000
C1HYS                             00000001
C1IE                              00000005
C1IF                              00000005
C1INTN                            00000006
C1INTP                            00000007
C1NCH0                            00000000
C1NCH1                            00000001
C1NCH2                            00000002
MPASM 5.83  /HOME/JACQUES/GITHUB/BREAKOUT_15   2-27-2019  20:25:01         PAGE 21


SYMBOL TABLE
  LABEL                             VALUE 

C1OE                              00000005
C1ON                              00000007
C1OUT                             00000006
C1PCH0                            00000004
C1PCH1                            00000005
C1POL                             00000004
C1SP                              00000002
C1SYNC                            00000000
CDAFVR0                           00000002
CDAFVR1                           00000003
CFGS                              00000006
CHROMA                            00000001
CHS0                              00000002
CHS1                              00000003
CHS2                              00000004
CHS3                              00000005
CHS4                              00000006
CLKIN                             00000005
CM1CON0                           00000111
CM1CON1                           00000112
CMOUT                             00000115
CREN                              00000004
CS0                               00000000
CS1                               00000001
CSRC                              00000007
CWG1CON0                          00000693
CWG1CON1                          00000694
CWG1CON2                          00000695
CWG1DBF                           00000692
CWG1DBF0                          00000000
CWG1DBF1                          00000001
CWG1DBF2                          00000002
CWG1DBF3                          00000003
CWG1DBF4                          00000004
CWG1DBF5                          00000005
CWG1DBR                           00000691
CWG1DBR0                          00000000
CWG1DBR1                          00000001
CWG1DBR2                          00000002
CWG1DBR3                          00000003
CWG1DBR4                          00000004
CWG1DBR5                          00000005
CWGASEL                           00000006
CWGBSEL                           00000005
C_SHAD                            00000000
DACCON0                           00000118
DACCON1                           00000119
DACEN                             00000007
DACLPS                            00000006
DACOE                             00000005
DACPSS0                           00000002
DACPSS1                           00000003
DACR0                             00000000
MPASM 5.83  /HOME/JACQUES/GITHUB/BREAKOUT_15   2-27-2019  20:25:01         PAGE 22


SYMBOL TABLE
  LABEL                             VALUE 

DACR1                             00000001
DACR2                             00000002
DACR3                             00000003
DACR4                             00000004
DC                                00000001
DCIE                              00000001
DCIF                              00000001
DC_SHAD                           00000001
EEPROM_SIZE                       00000080
EN                                00000007
F                                 00000001
FERR                              00000002
FREE                              00000004
FSR0                              00000004
FSR0H                             00000005
FSR0H_SHAD                        00000FE9
FSR0L                             00000004
FSR0L_SHAD                        00000FE8
FSR0_SHAD                         00000FE8
FSR1                              00000006
FSR1H                             00000007
FSR1H_SHAD                        00000FEB
FSR1L                             00000006
FSR1L_SHAD                        00000FEA
FSR1_SHAD                         00000FEA
FVRCON                            00000117
FVREN                             00000007
FVRRDY                            00000006
F_EVEN                            00000001
F_HI_LINE                         00000000
F_OVER                            00000003
F_SOUND                           00000004
F_START                           00000002
F_SYNC                            00000005
Fcy                               00369E6C
Fhorz                             00003D76
Fosc                              00DA79B0
G1ARSEN                           00000006
G1ASDLA0                          00000004
G1ASDLA1                          00000005
G1ASDLB0                          00000006
G1ASDLB1                          00000007
G1ASDSC1                          00000002
G1ASDSFLT                         00000001
G1ASE                             00000007
G1CS0                             00000000
G1EN                              00000007
G1IS0                             00000000
G1IS1                             00000001
G1IS2                             00000002
G1OEA                             00000005
G1OEB                             00000006
G1POLA                            00000003
MPASM 5.83  /HOME/JACQUES/GITHUB/BREAKOUT_15   2-27-2019  20:25:01         PAGE 23


SYMBOL TABLE
  LABEL                             VALUE 

G1POLB                            00000004
GIE                               00000007
GO                                00000001
GO_NOT_DONE                       00000001
GREEN                             00000005
HALF_LINE                         000001C6
HEQUAL                            00000020
HFIOFL                            00000003
HFIOFR                            00000004
HFIOFS                            00000000
HPERIOD                           0000038D
HSYNC                             00000042
INDF0                             00000000
INDF1                             00000001
INLVLA                            0000038C
INLVLA0                           00000000
INLVLA1                           00000001
INLVLA2                           00000002
INLVLA3                           00000003
INLVLA4                           00000004
INLVLA5                           00000005
INTCON                            0000000B
INTE                              00000004
INTEDG                            00000006
INTF                              00000001
IOCAF                             00000393
IOCAF0                            00000000
IOCAF1                            00000001
IOCAF2                            00000002
IOCAF3                            00000003
IOCAF4                            00000004
IOCAF5                            00000005
IOCAN                             00000392
IOCAN0                            00000000
IOCAN1                            00000001
IOCAN2                            00000002
IOCAN3                            00000003
IOCAN4                            00000004
IOCAN5                            00000005
IOCAP                             00000391
IOCAP0                            00000000
IOCAP1                            00000001
IOCAP2                            00000002
IOCAP3                            00000003
IOCAP4                            00000004
IOCAP5                            00000005
IOCIE                             00000003
IOCIF                             00000000
IRCF0                             00000003
IRCF1                             00000004
IRCF2                             00000005
IRCF3                             00000006
LATA                              0000010C
MPASM 5.83  /HOME/JACQUES/GITHUB/BREAKOUT_15   2-27-2019  20:25:01         PAGE 24


SYMBOL TABLE
  LABEL                             VALUE 

LATA0                             00000000
LATA1                             00000001
LATA2                             00000002
LATA4                             00000004
LATA5                             00000005
LDA                               00000007
LDS0                              00000000
LDS1                              00000001
LDT                               00000006
LFIOFR                            00000001
LWLO                              00000005
MAGENTA                           00000004
MC1OUT                            00000000
MFIOFR                            00000002
MODE0                             00000002
MODE1                             00000003
MPWM1EN                           00000000
MPWM1LD                           00000000
MPWM1OUT                          00000000
MPWM2EN                           00000001
MPWM2LD                           00000001
MPWM2OUT                          00000001
MPWM3EN                           00000002
MPWM3LD                           00000002
MPWM3OUT                          00000002
NOT_BOR                           00000000
NOT_DONE                          00000001
NOT_PD                            00000003
NOT_POR                           00000001
NOT_RI                            00000002
NOT_RMCLR                         00000003
NOT_RWDT                          00000004
NOT_T1SYNC                        00000002
NOT_TO                            00000004
NOT_WPUEN                         00000007
ODA0                              00000000
ODA1                              00000001
ODA2                              00000002
ODA4                              00000004
ODA5                              00000005
ODCONA                            0000028C
OE                                00000006
OERR                              00000001
OFIE                              00000003
OFIF                              00000003
OFM0                              00000005
OFM1                              00000006
OFO                               00000004
OFS0                              00000000
OFS1                              00000001
OPTION_REG                        00000095
OSCCON                            00000099
OSCSTAT                           0000009A
MPASM 5.83  /HOME/JACQUES/GITHUB/BREAKOUT_15   2-27-2019  20:25:01         PAGE 25


SYMBOL TABLE
  LABEL                             VALUE 

OSCTUNE                           00000098
OSTS                              00000005
OUT                               00000005
P1SEL                             00000000
P2SEL                             00000001
PADDLE                            00000000
PCL                               00000002
PCLATH                            0000000A
PCLATH_SHAD                       00000FE7
PCON                              00000096
PEIE                              00000006
PHIE                              00000002
PHIF                              00000002
PIE1                              00000091
PIE2                              00000092
PIE3                              00000093
PIR1                              00000011
PIR2                              00000012
PIR3                              00000013
PIXEL_DLY                         00000004
PLLR                              00000006
PMADR                             00000191
PMADRH                            00000192
PMADRL                            00000191
PMCON1                            00000195
PMCON2                            00000196
PMDAT                             00000193
PMDATH                            00000194
PMDATL                            00000193
POL                               00000004
PORTA                             0000000C
PR2                               0000001B
PRIE                              00000000
PRIF                              00000000
PROG_SIZE                         00000800
PS0_OPTION_REG                    00000000
PS0_PWM1CLKCON                    00000004
PS0_PWM2CLKCON                    00000004
PS0_PWM3CLKCON                    00000004
PS1_OPTION_REG                    00000001
PS1_PWM1CLKCON                    00000005
PS1_PWM2CLKCON                    00000005
PS1_PWM3CLKCON                    00000005
PS2_OPTION_REG                    00000002
PS2_PWM1CLKCON                    00000006
PS2_PWM2CLKCON                    00000006
PS2_PWM3CLKCON                    00000006
PSA                               00000003
PWM1CLKCON                        00000D9E
PWM1CON                           00000D9B
PWM1CS0                           00000000
PWM1CS1                           00000001
PWM1DC                            00000D93
MPASM 5.83  /HOME/JACQUES/GITHUB/BREAKOUT_15   2-27-2019  20:25:01         PAGE 26


SYMBOL TABLE
  LABEL                             VALUE 

PWM1DCH                           00000D94
PWM1DCH0                          00000000
PWM1DCH1                          00000001
PWM1DCH2                          00000002
PWM1DCH3                          00000003
PWM1DCH4                          00000004
PWM1DCH5                          00000005
PWM1DCH6                          00000006
PWM1DCH7                          00000007
PWM1DCIE                          00000001
PWM1DCIF                          00000001
PWM1DCL                           00000D93
PWM1DCL0                          00000000
PWM1DCL1                          00000001
PWM1DCL2                          00000002
PWM1DCL3                          00000003
PWM1DCL4                          00000004
PWM1DCL5                          00000005
PWM1DCL6                          00000006
PWM1DCL7                          00000007
PWM1EN                            00000007
PWM1EN_A                          00000000
PWM1IE                            00000004
PWM1IF                            00000004
PWM1INTCON                        00000D9C
PWM1INTE                          00000D9C
PWM1INTF                          00000D9D
PWM1INTFLG                        00000D9D
PWM1LD                            00000007
PWM1LDA_A                         00000000
PWM1LDCON                         00000D9F
PWM1LDM                           00000006
PWM1LDS0                          00000000
PWM1LDS1                          00000001
PWM1MODE0                         00000002
PWM1MODE1                         00000003
PWM1OE                            00000006
PWM1OF                            00000D97
PWM1OFCON                         00000DA0
PWM1OFH                           00000D98
PWM1OFH0                          00000000
PWM1OFH1                          00000001
PWM1OFH2                          00000002
PWM1OFH3                          00000003
PWM1OFH4                          00000004
PWM1OFH5                          00000005
PWM1OFH6                          00000006
PWM1OFH7                          00000007
PWM1OFIE                          00000003
PWM1OFIF                          00000003
PWM1OFL                           00000D97
PWM1OFL0                          00000000
PWM1OFL1                          00000001
MPASM 5.83  /HOME/JACQUES/GITHUB/BREAKOUT_15   2-27-2019  20:25:01         PAGE 27


SYMBOL TABLE
  LABEL                             VALUE 

PWM1OFL2                          00000002
PWM1OFL3                          00000003
PWM1OFL4                          00000004
PWM1OFL5                          00000005
PWM1OFL6                          00000006
PWM1OFL7                          00000007
PWM1OFM0                          00000005
PWM1OFM1                          00000006
PWM1OFMC                          00000004
PWM1OFS0                          00000000
PWM1OFS1                          00000001
PWM1OUT                           00000005
PWM1OUT_A                         00000000
PWM1PH                            00000D91
PWM1PHH                           00000D92
PWM1PHH0                          00000000
PWM1PHH1                          00000001
PWM1PHH2                          00000002
PWM1PHH3                          00000003
PWM1PHH4                          00000004
PWM1PHH5                          00000005
PWM1PHH6                          00000006
PWM1PHH7                          00000007
PWM1PHIE                          00000002
PWM1PHIF                          00000002
PWM1PHL                           00000D91
PWM1PHL0                          00000000
PWM1PHL1                          00000001
PWM1PHL2                          00000002
PWM1PHL3                          00000003
PWM1PHL4                          00000004
PWM1PHL5                          00000005
PWM1PHL6                          00000006
PWM1PHL7                          00000007
PWM1POL                           00000004
PWM1PR                            00000D95
PWM1PRH                           00000D96
PWM1PRH0                          00000000
PWM1PRH1                          00000001
PWM1PRH2                          00000002
PWM1PRH3                          00000003
PWM1PRH4                          00000004
PWM1PRH5                          00000005
PWM1PRH6                          00000006
PWM1PRH7                          00000007
PWM1PRIE                          00000000
PWM1PRIF                          00000000
PWM1PRL                           00000D95
PWM1PRL0                          00000000
PWM1PRL1                          00000001
PWM1PRL2                          00000002
PWM1PRL3                          00000003
PWM1PRL4                          00000004
MPASM 5.83  /HOME/JACQUES/GITHUB/BREAKOUT_15   2-27-2019  20:25:01         PAGE 28


SYMBOL TABLE
  LABEL                             VALUE 

PWM1PRL5                          00000005
PWM1PRL6                          00000006
PWM1PRL7                          00000007
PWM1PS0                           00000004
PWM1PS1                           00000005
PWM1PS2                           00000006
PWM1TMR                           00000D99
PWM1TMRH                          00000D9A
PWM1TMRH0                         00000000
PWM1TMRH1                         00000001
PWM1TMRH2                         00000002
PWM1TMRH3                         00000003
PWM1TMRH4                         00000004
PWM1TMRH5                         00000005
PWM1TMRH6                         00000006
PWM1TMRH7                         00000007
PWM1TMRL                          00000D99
PWM1TMRL0                         00000000
PWM1TMRL1                         00000001
PWM1TMRL2                         00000002
PWM1TMRL3                         00000003
PWM1TMRL4                         00000004
PWM1TMRL5                         00000005
PWM1TMRL6                         00000006
PWM1TMRL7                         00000007
PWM2CLKCON                        00000DAE
PWM2CON                           00000DAB
PWM2CS0                           00000000
PWM2CS1                           00000001
PWM2DC                            00000DA3
PWM2DCH                           00000DA4
PWM2DCH0                          00000000
PWM2DCH1                          00000001
PWM2DCH2                          00000002
PWM2DCH3                          00000003
PWM2DCH4                          00000004
PWM2DCH5                          00000005
PWM2DCH6                          00000006
PWM2DCH7                          00000007
PWM2DCIE                          00000001
PWM2DCIF                          00000001
PWM2DCL                           00000DA3
PWM2DCL0                          00000000
PWM2DCL1                          00000001
PWM2DCL2                          00000002
PWM2DCL3                          00000003
PWM2DCL4                          00000004
PWM2DCL5                          00000005
PWM2DCL6                          00000006
PWM2DCL7                          00000007
PWM2EN                            00000007
PWM2EN_A                          00000001
PWM2IE                            00000005
MPASM 5.83  /HOME/JACQUES/GITHUB/BREAKOUT_15   2-27-2019  20:25:01         PAGE 29


SYMBOL TABLE
  LABEL                             VALUE 

PWM2IF                            00000005
PWM2INTCON                        00000DAC
PWM2INTE                          00000DAC
PWM2INTF                          00000DAD
PWM2INTFLG                        00000DAD
PWM2LD                            00000007
PWM2LDA_A                         00000001
PWM2LDCON                         00000DAF
PWM2LDM                           00000006
PWM2LDS0                          00000000
PWM2LDS1                          00000001
PWM2MODE0                         00000002
PWM2MODE1                         00000003
PWM2OE                            00000006
PWM2OF                            00000DA7
PWM2OFCON                         00000DB0
PWM2OFH                           00000DA8
PWM2OFH0                          00000000
PWM2OFH1                          00000001
PWM2OFH2                          00000002
PWM2OFH3                          00000003
PWM2OFH4                          00000004
PWM2OFH5                          00000005
PWM2OFH6                          00000006
PWM2OFH7                          00000007
PWM2OFIE                          00000003
PWM2OFIF                          00000003
PWM2OFL                           00000DA7
PWM2OFL0                          00000000
PWM2OFL1                          00000001
PWM2OFL2                          00000002
PWM2OFL3                          00000003
PWM2OFL4                          00000004
PWM2OFL5                          00000005
PWM2OFL6                          00000006
PWM2OFL7                          00000007
PWM2OFM0                          00000005
PWM2OFM1                          00000006
PWM2OFMC                          00000004
PWM2OFS0                          00000000
PWM2OFS1                          00000001
PWM2OUT                           00000005
PWM2OUT_A                         00000001
PWM2PH                            00000DA1
PWM2PHH                           00000DA2
PWM2PHH0                          00000000
PWM2PHH1                          00000001
PWM2PHH2                          00000002
PWM2PHH3                          00000003
PWM2PHH4                          00000004
PWM2PHH5                          00000005
PWM2PHH6                          00000006
PWM2PHH7                          00000007
MPASM 5.83  /HOME/JACQUES/GITHUB/BREAKOUT_15   2-27-2019  20:25:01         PAGE 30


SYMBOL TABLE
  LABEL                             VALUE 

PWM2PHIE                          00000002
PWM2PHIF                          00000002
PWM2PHL                           00000DA1
PWM2PHL0                          00000000
PWM2PHL1                          00000001
PWM2PHL2                          00000002
PWM2PHL3                          00000003
PWM2PHL4                          00000004
PWM2PHL5                          00000005
PWM2PHL6                          00000006
PWM2PHL7                          00000007
PWM2POL                           00000004
PWM2PR                            00000DA5
PWM2PRH                           00000DA6
PWM2PRH0                          00000000
PWM2PRH1                          00000001
PWM2PRH2                          00000002
PWM2PRH3                          00000003
PWM2PRH4                          00000004
PWM2PRH5                          00000005
PWM2PRH6                          00000006
PWM2PRH7                          00000007
PWM2PRIE                          00000000
PWM2PRIF                          00000000
PWM2PRL                           00000DA5
PWM2PRL0                          00000000
PWM2PRL1                          00000001
PWM2PRL2                          00000002
PWM2PRL3                          00000003
PWM2PRL4                          00000004
PWM2PRL5                          00000005
PWM2PRL6                          00000006
PWM2PRL7                          00000007
PWM2PS0                           00000004
PWM2PS1                           00000005
PWM2PS2                           00000006
PWM2TMR                           00000DA9
PWM2TMRH                          00000DAA
PWM2TMRH0                         00000000
PWM2TMRH1                         00000001
PWM2TMRH2                         00000002
PWM2TMRH3                         00000003
PWM2TMRH4                         00000004
PWM2TMRH5                         00000005
PWM2TMRH6                         00000006
PWM2TMRH7                         00000007
PWM2TMRL                          00000DA9
PWM2TMRL0                         00000000
PWM2TMRL1                         00000001
PWM2TMRL2                         00000002
PWM2TMRL3                         00000003
PWM2TMRL4                         00000004
PWM2TMRL5                         00000005
MPASM 5.83  /HOME/JACQUES/GITHUB/BREAKOUT_15   2-27-2019  20:25:01         PAGE 31


SYMBOL TABLE
  LABEL                             VALUE 

PWM2TMRL6                         00000006
PWM2TMRL7                         00000007
PWM3CLKCON                        00000DBE
PWM3CON                           00000DBB
PWM3CS0                           00000000
PWM3CS1                           00000001
PWM3DC                            00000DB3
PWM3DCH                           00000DB4
PWM3DCH0                          00000000
PWM3DCH1                          00000001
PWM3DCH2                          00000002
PWM3DCH3                          00000003
PWM3DCH4                          00000004
PWM3DCH5                          00000005
PWM3DCH6                          00000006
PWM3DCH7                          00000007
PWM3DCIE                          00000001
PWM3DCIF                          00000001
PWM3DCL                           00000DB3
PWM3DCL0                          00000000
PWM3DCL1                          00000001
PWM3DCL2                          00000002
PWM3DCL3                          00000003
PWM3DCL4                          00000004
PWM3DCL5                          00000005
PWM3DCL6                          00000006
PWM3DCL7                          00000007
PWM3EN                            00000007
PWM3EN_A                          00000002
PWM3IE                            00000006
PWM3IF                            00000006
PWM3INTCON                        00000DBC
PWM3INTE                          00000DBC
PWM3INTF                          00000DBD
PWM3INTFLG                        00000DBD
PWM3LD                            00000007
PWM3LDA_A                         00000002
PWM3LDCON                         00000DBF
PWM3LDM                           00000006
PWM3LDS0                          00000000
PWM3LDS1                          00000001
PWM3MODE0                         00000002
PWM3MODE1                         00000003
PWM3OE                            00000006
PWM3OF                            00000DB7
PWM3OFCON                         00000DC0
PWM3OFH                           00000DB8
PWM3OFH0                          00000000
PWM3OFH1                          00000001
PWM3OFH2                          00000002
PWM3OFH3                          00000003
PWM3OFH4                          00000004
PWM3OFH5                          00000005
MPASM 5.83  /HOME/JACQUES/GITHUB/BREAKOUT_15   2-27-2019  20:25:01         PAGE 32


SYMBOL TABLE
  LABEL                             VALUE 

PWM3OFH6                          00000006
PWM3OFH7                          00000007
PWM3OFIE                          00000003
PWM3OFIF                          00000003
PWM3OFL                           00000DB7
PWM3OFL0                          00000000
PWM3OFL1                          00000001
PWM3OFL2                          00000002
PWM3OFL3                          00000003
PWM3OFL4                          00000004
PWM3OFL5                          00000005
PWM3OFL6                          00000006
PWM3OFL7                          00000007
PWM3OFM0                          00000005
PWM3OFM1                          00000006
PWM3OFMC                          00000004
PWM3OFS0                          00000000
PWM3OFS1                          00000001
PWM3OUT                           00000005
PWM3OUT_A                         00000002
PWM3PH                            00000DB1
PWM3PHH                           00000DB2
PWM3PHH0                          00000000
PWM3PHH1                          00000001
PWM3PHH2                          00000002
PWM3PHH3                          00000003
PWM3PHH4                          00000004
PWM3PHH5                          00000005
PWM3PHH6                          00000006
PWM3PHH7                          00000007
PWM3PHIE                          00000002
PWM3PHIF                          00000002
PWM3PHL                           00000DB1
PWM3PHL0                          00000000
PWM3PHL1                          00000001
PWM3PHL2                          00000002
PWM3PHL3                          00000003
PWM3PHL4                          00000004
PWM3PHL5                          00000005
PWM3PHL6                          00000006
PWM3PHL7                          00000007
PWM3POL                           00000004
PWM3PR                            00000DB5
PWM3PRH                           00000DB6
PWM3PRH0                          00000000
PWM3PRH1                          00000001
PWM3PRH2                          00000002
PWM3PRH3                          00000003
PWM3PRH4                          00000004
PWM3PRH5                          00000005
PWM3PRH6                          00000006
PWM3PRH7                          00000007
PWM3PRIE                          00000000
MPASM 5.83  /HOME/JACQUES/GITHUB/BREAKOUT_15   2-27-2019  20:25:01         PAGE 33


SYMBOL TABLE
  LABEL                             VALUE 

PWM3PRIF                          00000000
PWM3PRL                           00000DB5
PWM3PRL0                          00000000
PWM3PRL1                          00000001
PWM3PRL2                          00000002
PWM3PRL3                          00000003
PWM3PRL4                          00000004
PWM3PRL5                          00000005
PWM3PRL6                          00000006
PWM3PRL7                          00000007
PWM3PS0                           00000004
PWM3PS1                           00000005
PWM3PS2                           00000006
PWM3TMR                           00000DB9
PWM3TMRH                          00000DBA
PWM3TMRH0                         00000000
PWM3TMRH1                         00000001
PWM3TMRH2                         00000002
PWM3TMRH3                         00000003
PWM3TMRH4                         00000004
PWM3TMRH5                         00000005
PWM3TMRH6                         00000006
PWM3TMRH7                         00000007
PWM3TMRL                          00000DB9
PWM3TMRL0                         00000000
PWM3TMRL1                         00000001
PWM3TMRL2                         00000002
PWM3TMRL3                         00000003
PWM3TMRL4                         00000004
PWM3TMRL5                         00000005
PWM3TMRL6                         00000006
PWM3TMRL7                         00000007
PWMEN                             00000D8E
PWMLD                             00000D8F
PWMOUT                            00000D90
RA0                               00000000
RA1                               00000001
RA2                               00000002
RA3                               00000003
RA4                               00000004
RA5                               00000005
RCIDL                             00000006
RCIE                              00000005
RCIF                              00000005
RCREG                             00000199
RCSTA                             0000019D
RD                                00000000
RX9                               00000006
RX9D                              00000000
RXDTSEL                           00000007
SBOREN                            00000007
SCKP                              00000004
SCS0                              00000000
MPASM 5.83  /HOME/JACQUES/GITHUB/BREAKOUT_15   2-27-2019  20:25:01         PAGE 34


SYMBOL TABLE
  LABEL                             VALUE 

SCS1                              00000001
SENDB                             00000003
SLRA0                             00000000
SLRA1                             00000001
SLRA2                             00000002
SLRA4                             00000004
SLRA5                             00000005
SLRCONA                           0000030C
SPBRG                             0000019B
SPBRGH                            0000019C
SPBRGL                            0000019B
SPEN                              00000007
SPLLEN                            00000007
SREN                              00000005
START                             00000000
START_BTN                         00000003
STATUS                            00000003
STATUS_SHAD                       00000FE4
STKOVF                            00000007
STKPTR                            00000FED
STKUNF                            00000006
SWDTEN                            00000000
SYNC                              00000004
SYNC_OUT                          00000002
T0CS                              00000005
T0IE                              00000005
T0IF                              00000002
T0SE                              00000004
T1CKPS0                           00000004
T1CKPS1                           00000005
T1CON                             00000018
T1GCON                            00000019
T1GGO                             00000003
T1GGO_NOT_DONE                    00000003
T1GPOL                            00000006
T1GSEL                            00000003
T1GSPM                            00000004
T1GSS0                            00000000
T1GSS1                            00000001
T1GTM                             00000005
T1GVAL                            00000002
T2CKPS0                           00000000
T2CKPS1                           00000001
T2CON                             0000001C
T2OUTPS0                          00000003
T2OUTPS1                          00000004
T2OUTPS2                          00000005
T2OUTPS3                          00000006
TMR0                              00000015
TMR0CS                            00000005
TMR0IE                            00000005
TMR0IF                            00000002
TMR0SE                            00000004
MPASM 5.83  /HOME/JACQUES/GITHUB/BREAKOUT_15   2-27-2019  20:25:01         PAGE 35


SYMBOL TABLE
  LABEL                             VALUE 

TMR1                              00000016
TMR1CS0                           00000006
TMR1CS1                           00000007
TMR1GE                            00000007
TMR1GIE                           00000007
TMR1GIF                           00000007
TMR1H                             00000017
TMR1IE                            00000000
TMR1IF                            00000000
TMR1L                             00000016
TMR1ON                            00000000
TMR2                              0000001A
TMR2IE                            00000001
TMR2IF                            00000001
TMR2ON                            00000002
TOS                               00000FEE
TOSH                              00000FEF
TOSL                              00000FEE
TRIGSEL0                          00000004
TRIGSEL1                          00000005
TRIGSEL2                          00000006
TRIGSEL3                          00000007
TRISA                             0000008C
TRISA0                            00000000
TRISA1                            00000001
TRISA2                            00000002
TRISA3                            00000003
TRISA4                            00000004
TRISA5                            00000005
TRMT                              00000001
TSEN                              00000005
TSRNG                             00000004
TUN0                              00000000
TUN1                              00000001
TUN2                              00000002
TUN3                              00000003
TUN4                              00000004
TUN5                              00000005
TX9                               00000006
TX9D                              00000000
TXCKSEL                           00000002
TXEN                              00000005
TXIE                              00000004
TXIF                              00000004
TXREG                             0000019A
TXSTA                             0000019E
VIDEO_OUT                         00000004
VREGCON                           00000197
VREGPM                            00000001
VSYNC_PULSE                       00000183
W                                 00000000
WDTCON                            00000097
WDTPS0                            00000001
MPASM 5.83  /HOME/JACQUES/GITHUB/BREAKOUT_15   2-27-2019  20:25:01         PAGE 36


SYMBOL TABLE
  LABEL                             VALUE 

WDTPS1                            00000002
WDTPS2                            00000003
WDTPS3                            00000004
WDTPS4                            00000005
WHITE                             00000003
WPUA                              0000020C
WPUA0                             00000000
WPUA1                             00000001
WPUA2                             00000002
WPUA3                             00000003
WPUA4                             00000004
WPUA5                             00000005
WR                                00000001
WREG                              00000009
WREG_SHAD                         00000FE5
WREN                              00000002
WRERR                             00000003
WUE                               00000001
YELLOW                            00000001
Z                                 00000002
Z_SHAD                            00000002
_BOREN_NSLEEP                     00003DFF
_BOREN_OFF                        000039FF
_BOREN_ON                         00003FFF
_BOREN_SBODEN                     00003BFF
_BORV_19                          00003FFF
_BORV_HI                          00003BFF
_BORV_LO                          00003FFF
_CLKOUTEN_OFF                     00003FFF
_CLKOUTEN_ON                      000037FF
_CONFIG1                          00008007
_CONFIG2                          00008008
_CP_OFF                           00003FFF
_CP_ON                            00003F7F
_DEVID1                           00008006
_FOSC_ECH                         00003FFF
_FOSC_ECL                         00003FFD
_FOSC_ECM                         00003FFE
_FOSC_INTOSC                      00003FFC
_IDLOC0                           00008000
_IDLOC1                           00008001
_IDLOC2                           00008002
_IDLOC3                           00008003
_ISR_0008                         00000008
_ISR_000E                         0000000E
_ISR_000F                         0000000F
_ISR_008D                         0000008D
_ISR_00B8                         000000B8
_ISR_00B9                         000000B9
_LPBOREN_OFF                      00003FFF
_LPBOREN_ON                       000037FF
_LVP_OFF                          00001FFF
_LVP_ON                           00003FFF
MPASM 5.83  /HOME/JACQUES/GITHUB/BREAKOUT_15   2-27-2019  20:25:01         PAGE 37


SYMBOL TABLE
  LABEL                             VALUE 

_MAIN_PROG_0006                   00000006
_MAIN_PROG_003C                   0000003C
_MCLRE_OFF                        00003FBF
_MCLRE_ON                         00003FFF
_PLLEN_OFF                        00003EFF
_PLLEN_ON                         00003FFF
_PWRTE_OFF                        00003FFF
_PWRTE_ON                         00003FDF
_STVREN_OFF                       00003DFF
_STVREN_ON                        00003FFF
_WDTE_NSLEEP                      00003FF7
_WDTE_OFF                         00003FE7
_WDTE_ON                          00003FFF
_WDTE_SWDTEN                      00003FEF
_WRT_ALL                          00003FFC
_WRT_BOOT                         00003FFE
_WRT_HALF                         00003FFD
_WRT_OFF                          00003FFF
__12F1572                         00000001
__DEBUG                           
__MPLAB_DEBUGGER_PK3              1
case                              
delay_table                       0000003D
draw_empty                        00000105
draw_row1                         000000D3
draw_row2                         000000DD
draw_row3                         000000E7
draw_row4                         000000F1
draw_row5                         000000FB
draw_void                         000000C9
eeprom                            00000780
even_field                        00000126
field_end                         00000130
flags                             00000000
hi_line                           0000011F
isr                               00000004
isr_exit                          00000028
lcount                            00000001
leave                             
max_score                         00000780
move_ball                         0000009C
next_task                         
paddle_draw                       0000010F
pe_last                           0000006E
post_vsync                        00000058
pre_vsync                         0000002B
q                                 00000012
r                                 00000002
read_paddle                       00000087
score                             000000A7
score_exit                        000000A7
set_color                         
set_presync                       00000038
MPASM 5.83  /HOME/JACQUES/GITHUB/BREAKOUT_15   2-27-2019  20:25:01         PAGE 38


SYMBOL TABLE
  LABEL                             VALUE 

set_vsync                         00000050
slice                             00000002
sound                             00000092
sound_timer                       00000005
task                              00000003
task_switch                       00000011
tdelay                            
temp                              00000004
top_wall                          000000B1
top_wall_exit                     000000BF
user_input                        0000007F
video_first                       0000009F
vsync                             00000043
vsync_end                         00000071
wait_field_end                    00000119

Errors   :     0
Warnings :     0 reported,     0 suppressed
Messages :   126 reported,     0 suppressed

